2018-11-09 18:38:41,378 - [INFO] - [Train] | train seq_length:100 | train_layer:last | Epochs:20 | Batch Size:200
2018-11-09 18:41:44,210 - [INFO] - Epoch:0 | Train Accuracy:77.924 | Epoch Loss:0.4551218512058258 | Time Elpased:182.79747891426086
2018-11-09 18:44:45,645 - [INFO] - Epoch:1 | Train Accuracy:83.448 | Epoch Loss:0.36666979813575745 | Time Elpased:181.43507313728333
2018-11-09 18:47:47,060 - [INFO] - Epoch:2 | Train Accuracy:84.824 | Epoch Loss:0.344057443857193 | Time Elpased:181.41408491134644
2018-11-09 18:50:48,522 - [INFO] - Epoch:3 | Train Accuracy:85.44 | Epoch Loss:0.33219275844097135 | Time Elpased:181.44923758506775
2018-11-09 18:53:49,953 - [INFO] - Epoch:4 | Train Accuracy:86.312 | Epoch Loss:0.31388793158531186 | Time Elpased:181.4312949180603
2018-11-09 18:56:51,364 - [INFO] - Epoch:5 | Train Accuracy:86.6 | Epoch Loss:0.3054156161546707 | Time Elpased:181.4101207256317
2018-11-09 18:59:52,802 - [INFO] - Epoch:6 | Train Accuracy:87.136 | Epoch Loss:0.29649357914924623 | Time Elpased:181.42140173912048
2018-11-09 19:02:54,276 - [INFO] - Epoch:7 | Train Accuracy:87.792 | Epoch Loss:0.2835400508642197 | Time Elpased:181.47281217575073
2018-11-09 19:05:55,823 - [INFO] - Epoch:8 | Train Accuracy:88.288 | Epoch Loss:0.2739735964536667 | Time Elpased:181.53076314926147
2018-11-09 19:08:57,351 - [INFO] - Epoch:9 | Train Accuracy:88.756 | Epoch Loss:0.2643150858879089 | Time Elpased:181.52809929847717
2018-11-09 19:11:58,795 - [INFO] - Epoch:10 | Train Accuracy:89.236 | Epoch Loss:0.25790608298778533 | Time Elpased:181.44311237335205
2018-11-09 19:15:00,309 - [INFO] - Epoch:11 | Train Accuracy:89.44 | Epoch Loss:0.2472350870370865 | Time Elpased:181.5133092403412
2018-11-09 19:18:01,821 - [INFO] - Epoch:12 | Train Accuracy:90.012 | Epoch Loss:0.2353110237121582 | Time Elpased:181.50723671913147
2018-11-09 19:21:03,250 - [INFO] - Epoch:13 | Train Accuracy:90.00399999999999 | Epoch Loss:0.23548644292354584 | Time Elpased:181.42883944511414
2018-11-09 19:24:04,674 - [INFO] - Epoch:14 | Train Accuracy:90.656 | Epoch Loss:0.22546537363529207 | Time Elpased:181.4225950241089
2018-11-09 19:27:06,345 - [INFO] - Epoch:15 | Train Accuracy:90.556 | Epoch Loss:0.2210191330909729 | Time Elpased:181.67089891433716
2018-11-09 19:30:07,874 - [INFO] - Epoch:16 | Train Accuracy:91.188 | Epoch Loss:0.21321593248844148 | Time Elpased:181.52863383293152
2018-11-09 19:33:09,352 - [INFO] - Epoch:17 | Train Accuracy:91.536 | Epoch Loss:0.20729780185222627 | Time Elpased:181.476975440979
2018-11-09 19:36:10,925 - [INFO] - Epoch:18 | Train Accuracy:92.264 | Epoch Loss:0.1956616559624672 | Time Elpased:181.5730345249176
2018-11-09 19:39:12,426 - [INFO] - Epoch:19 | Train Accuracy:92.404 | Epoch Loss:0.19324352276325227 | Time Elpased:181.49966669082642
2018-11-09 19:39:12,708 - [INFO] - [Train] | train seq_length:50 | train_layer:last | Epochs:20 | Batch Size:200
2018-11-09 19:40:15,476 - [INFO] - Epoch:0 | Train Accuracy:83.448 | Epoch Loss:0.36123792147636413 | Time Elpased:62.766103744506836
2018-11-09 19:41:18,251 - [INFO] - Epoch:1 | Train Accuracy:83.64399999999999 | Epoch Loss:0.35667888236045836 | Time Elpased:62.77501726150513
2018-11-09 19:42:20,973 - [INFO] - Epoch:2 | Train Accuracy:84.136 | Epoch Loss:0.3488914787769318 | Time Elpased:62.721078395843506
2018-11-09 19:43:23,742 - [INFO] - Epoch:3 | Train Accuracy:84.41199999999999 | Epoch Loss:0.3414976537227631 | Time Elpased:62.768932819366455
2018-11-09 19:44:26,533 - [INFO] - Epoch:4 | Train Accuracy:84.636 | Epoch Loss:0.34053889441490176 | Time Elpased:62.79058814048767
2018-11-09 19:45:29,305 - [INFO] - Epoch:5 | Train Accuracy:85.052 | Epoch Loss:0.3318511632680893 | Time Elpased:62.77082681655884
2018-11-09 19:46:32,101 - [INFO] - Epoch:6 | Train Accuracy:85.208 | Epoch Loss:0.32737589406967166 | Time Elpased:62.79527163505554
2018-11-09 19:47:34,888 - [INFO] - Epoch:7 | Train Accuracy:85.588 | Epoch Loss:0.3202104980945587 | Time Elpased:62.78635501861572
2018-11-09 19:48:37,648 - [INFO] - Epoch:8 | Train Accuracy:85.36 | Epoch Loss:0.3267791702747345 | Time Elpased:62.75986385345459
2018-11-09 19:49:40,443 - [INFO] - Epoch:9 | Train Accuracy:86.19200000000001 | Epoch Loss:0.31389773392677306 | Time Elpased:62.79444098472595
2018-11-09 19:50:43,226 - [INFO] - Epoch:10 | Train Accuracy:86.024 | Epoch Loss:0.31398861038684844 | Time Elpased:62.78246712684631
2018-11-09 19:51:46,038 - [INFO] - Epoch:11 | Train Accuracy:86.076 | Epoch Loss:0.31251335275173187 | Time Elpased:62.81082105636597
2018-11-09 19:52:48,860 - [INFO] - Epoch:12 | Train Accuracy:86.404 | Epoch Loss:0.3073437575101852 | Time Elpased:62.82176733016968
2018-11-09 19:53:51,643 - [INFO] - Epoch:13 | Train Accuracy:86.708 | Epoch Loss:0.2998507360219955 | Time Elpased:62.78286051750183
2018-11-09 19:54:54,437 - [INFO] - Epoch:14 | Train Accuracy:86.44800000000001 | Epoch Loss:0.3046062251329422 | Time Elpased:62.79304552078247
2018-11-09 19:55:57,251 - [INFO] - Epoch:15 | Train Accuracy:87.112 | Epoch Loss:0.29808457899093627 | Time Elpased:62.81334042549133
2018-11-09 19:57:00,069 - [INFO] - Epoch:16 | Train Accuracy:87.056 | Epoch Loss:0.29799959290027617 | Time Elpased:62.81800436973572
2018-11-09 19:58:02,881 - [INFO] - Epoch:17 | Train Accuracy:87.05199999999999 | Epoch Loss:0.2943164217472076 | Time Elpased:62.81073021888733
2018-11-09 19:59:05,707 - [INFO] - Epoch:18 | Train Accuracy:87.46000000000001 | Epoch Loss:0.288057657122612 | Time Elpased:62.82553505897522
2018-11-09 20:00:08,541 - [INFO] - Epoch:19 | Train Accuracy:87.728 | Epoch Loss:0.2816846067905426 | Time Elpased:62.83328628540039
2018-11-09 20:00:08,856 - [INFO] - [Train] | train seq_length:150 | train_layer:last | Epochs:20 | Batch Size:100
2018-11-09 20:12:00,704 - [INFO] - Epoch:0 | Train Accuracy:94.75200000000001 | Epoch Loss:0.1312330333441496 | Time Elpased:711.8458833694458
2018-11-09 20:23:52,542 - [INFO] - Epoch:1 | Train Accuracy:95.352 | Epoch Loss:0.11907865737378598 | Time Elpased:711.8373169898987
2018-11-09 20:35:44,801 - [INFO] - Epoch:2 | Train Accuracy:95.36 | Epoch Loss:0.11592133677005768 | Time Elpased:712.2592980861664
2018-11-09 20:47:36,601 - [INFO] - Epoch:3 | Train Accuracy:95.89999999999999 | Epoch Loss:0.10860795272141695 | Time Elpased:711.7986214160919
2018-11-09 20:59:28,710 - [INFO] - Epoch:4 | Train Accuracy:96.236 | Epoch Loss:0.10238213585317135 | Time Elpased:712.1088893413544
2018-11-09 21:11:21,044 - [INFO] - Epoch:5 | Train Accuracy:96.504 | Epoch Loss:0.09233054821193218 | Time Elpased:712.329381942749
2018-11-09 21:23:13,852 - [INFO] - Epoch:6 | Train Accuracy:96.384 | Epoch Loss:0.09390406238287688 | Time Elpased:712.7957327365875
2018-11-09 21:35:06,518 - [INFO] - Epoch:7 | Train Accuracy:96.672 | Epoch Loss:0.08796990235894918 | Time Elpased:712.6654055118561
2018-11-09 21:46:58,807 - [INFO] - Epoch:8 | Train Accuracy:96.848 | Epoch Loss:0.08533940238133073 | Time Elpased:712.2846114635468
2018-11-09 21:58:51,106 - [INFO] - Epoch:9 | Train Accuracy:96.812 | Epoch Loss:0.08421572595089674 | Time Elpased:712.294588804245
2018-11-09 22:10:43,062 - [INFO] - Epoch:10 | Train Accuracy:97.112 | Epoch Loss:0.07693275148794056 | Time Elpased:711.9549839496613
2018-11-09 22:22:35,452 - [INFO] - Epoch:11 | Train Accuracy:97.024 | Epoch Loss:0.08247596748173237 | Time Elpased:712.3899736404419
2018-11-09 22:34:27,965 - [INFO] - Epoch:12 | Train Accuracy:97.232 | Epoch Loss:0.07570216459408402 | Time Elpased:712.5088286399841
2018-11-09 22:46:20,699 - [INFO] - Epoch:13 | Train Accuracy:97.176 | Epoch Loss:0.07474890809506178 | Time Elpased:712.7330300807953
2018-11-09 22:58:13,025 - [INFO] - Epoch:14 | Train Accuracy:97.516 | Epoch Loss:0.06688889505714178 | Time Elpased:712.3152122497559
2018-11-09 23:10:05,549 - [INFO] - Epoch:15 | Train Accuracy:97.368 | Epoch Loss:0.07142128676548601 | Time Elpased:712.5200295448303
2018-11-09 23:21:58,324 - [INFO] - Epoch:16 | Train Accuracy:97.464 | Epoch Loss:0.06872422493249178 | Time Elpased:712.7578780651093
2018-11-09 23:33:50,781 - [INFO] - Epoch:17 | Train Accuracy:97.5 | Epoch Loss:0.06654917263239622 | Time Elpased:712.4563384056091
2018-11-09 23:45:43,014 - [INFO] - Epoch:18 | Train Accuracy:97.544 | Epoch Loss:0.06848402399942279 | Time Elpased:712.2132835388184
2018-11-09 23:57:35,371 - [INFO] - Epoch:19 | Train Accuracy:97.456 | Epoch Loss:0.06721285922452808 | Time Elpased:712.343959569931
2018-11-09 23:57:35,614 - [INFO] - [Train] | train seq_length:100 | train_layer:all | Epochs:20 | Batch Size:100
2018-11-10 00:03:07,170 - [INFO] - Epoch:0 | Train Accuracy:93.608 | Epoch Loss:0.15846417479217054 | Time Elpased:331.5547254085541
2018-11-10 00:08:39,102 - [INFO] - Epoch:1 | Train Accuracy:93.068 | Epoch Loss:0.17060205201804637 | Time Elpased:331.92635440826416
2018-11-10 00:14:10,954 - [INFO] - Epoch:2 | Train Accuracy:93.27600000000001 | Epoch Loss:0.16864737492799758 | Time Elpased:331.8343155384064
2018-11-10 00:19:42,775 - [INFO] - Epoch:3 | Train Accuracy:93.524 | Epoch Loss:0.16379076029360295 | Time Elpased:331.8161051273346
2018-11-10 00:25:14,497 - [INFO] - Epoch:4 | Train Accuracy:94.592 | Epoch Loss:0.13941184984147548 | Time Elpased:331.6992130279541
2018-11-10 00:30:46,289 - [INFO] - Epoch:5 | Train Accuracy:94.512 | Epoch Loss:0.13743571597337723 | Time Elpased:331.7917947769165
2018-11-10 00:36:18,221 - [INFO] - Epoch:6 | Train Accuracy:94.95599999999999 | Epoch Loss:0.1287757862135768 | Time Elpased:331.9317693710327
2018-11-10 00:41:50,008 - [INFO] - Epoch:7 | Train Accuracy:95.07600000000001 | Epoch Loss:0.1282787371277809 | Time Elpased:331.7864773273468
2018-11-10 00:47:21,969 - [INFO] - Epoch:8 | Train Accuracy:95.284 | Epoch Loss:0.121235089071095 | Time Elpased:331.95081996917725
2018-11-10 00:52:53,590 - [INFO] - Epoch:9 | Train Accuracy:95.43599999999999 | Epoch Loss:0.11649798212945461 | Time Elpased:331.6079626083374
2018-11-10 00:58:25,206 - [INFO] - Epoch:10 | Train Accuracy:95.54 | Epoch Loss:0.1159786262512207 | Time Elpased:331.6154179573059
2018-11-10 01:03:56,773 - [INFO] - Epoch:11 | Train Accuracy:95.536 | Epoch Loss:0.11329920852184296 | Time Elpased:331.56714153289795
2018-11-10 01:09:28,543 - [INFO] - Epoch:12 | Train Accuracy:95.66799999999999 | Epoch Loss:0.11627548234909772 | Time Elpased:331.7691216468811
2018-11-10 01:15:00,556 - [INFO] - Epoch:13 | Train Accuracy:96.036 | Epoch Loss:0.10644494651257992 | Time Elpased:332.0119981765747
2018-11-10 01:20:32,460 - [INFO] - Epoch:14 | Train Accuracy:96.13199999999999 | Epoch Loss:0.1031364292651415 | Time Elpased:331.885324716568
2018-11-10 01:26:04,309 - [INFO] - Epoch:15 | Train Accuracy:96.02000000000001 | Epoch Loss:0.10611626894026994 | Time Elpased:331.8287675380707
2018-11-10 01:31:36,188 - [INFO] - Epoch:16 | Train Accuracy:96.148 | Epoch Loss:0.0994786918386817 | Time Elpased:331.87806963920593
2018-11-10 01:37:08,328 - [INFO] - Epoch:17 | Train Accuracy:96.088 | Epoch Loss:0.10313574248552322 | Time Elpased:332.1395835876465
2018-11-10 01:42:40,260 - [INFO] - Epoch:18 | Train Accuracy:96.324 | Epoch Loss:0.09831609323620796 | Time Elpased:331.9143533706665
2018-11-10 01:48:12,293 - [INFO] - Epoch:19 | Train Accuracy:96.356 | Epoch Loss:0.09530995286256075 | Time Elpased:332.0320312976837
2018-11-10 13:00:59,314 - [INFO] - [Test] | Model: train seq_length:100, train_layer:last
2018-11-10 13:00:59,977 - [INFO] - [Test] | Model: train seq_length:100, train_layer:last
2018-11-10 13:30:04,362 - [INFO] - [Test] | Model: train seq_length:100, train_layer:last
2018-11-10 13:30:23,823 - [INFO] - seq_len:50 | Test Accuracy:80.132 | Epoch Loss:0.5110697765350342 | Time Elpased:19.450735807418823
2018-11-10 13:30:59,954 - [INFO] - seq_len:100 | Test Accuracy:86.06 | Epoch Loss:0.3784848166704178 | Time Elpased:36.130372047424316
2018-11-10 13:31:53,748 - [INFO] - seq_len:150 | Test Accuracy:88.744 | Epoch Loss:0.31095575594902036 | Time Elpased:53.790088176727295
2018-11-10 13:33:05,325 - [INFO] - seq_len:200 | Test Accuracy:90.244 | Epoch Loss:0.2697385622262955 | Time Elpased:71.57223081588745
2018-11-10 13:34:34,391 - [INFO] - seq_len:250 | Test Accuracy:91.14 | Epoch Loss:0.24717494904994963 | Time Elpased:89.06124567985535
2018-11-10 13:36:21,452 - [INFO] - seq_len:300 | Test Accuracy:91.584 | Epoch Loss:0.23485804843902588 | Time Elpased:107.06055235862732
2018-11-10 13:38:26,333 - [INFO] - seq_len:350 | Test Accuracy:91.85600000000001 | Epoch Loss:0.22723316675424576 | Time Elpased:124.8805410861969
2018-11-10 13:40:49,043 - [INFO] - seq_len:400 | Test Accuracy:92.084 | Epoch Loss:0.2233003478050232 | Time Elpased:142.70986914634705
2018-11-10 13:43:29,756 - [INFO] - seq_len:450 | Test Accuracy:92.104 | Epoch Loss:0.22109418833255767 | Time Elpased:160.7119381427765
2018-11-10 13:43:30,039 - [INFO] - [Test] | Model: train seq_length:50, train_layer:last
2018-11-10 13:43:48,407 - [INFO] - seq_len:50 | Test Accuracy:80.052 | Epoch Loss:0.45798207974433897 | Time Elpased:18.367483377456665
2018-11-10 13:44:24,532 - [INFO] - seq_len:100 | Test Accuracy:86.372 | Epoch Loss:0.33160056245326996 | Time Elpased:36.12391233444214
2018-11-10 13:45:18,294 - [INFO] - seq_len:150 | Test Accuracy:89.076 | Epoch Loss:0.2723257141113281 | Time Elpased:53.761794090270996
2018-11-10 13:46:29,851 - [INFO] - seq_len:200 | Test Accuracy:90.44 | Epoch Loss:0.23908659517765046 | Time Elpased:71.556973695755
2018-11-10 13:47:58,870 - [INFO] - seq_len:250 | Test Accuracy:91.14 | Epoch Loss:0.22260647946596146 | Time Elpased:89.01842713356018
2018-11-10 13:49:45,895 - [INFO] - seq_len:300 | Test Accuracy:91.596 | Epoch Loss:0.21335850346088409 | Time Elpased:107.02059674263
2018-11-10 13:51:50,727 - [INFO] - seq_len:350 | Test Accuracy:91.808 | Epoch Loss:0.2071685916185379 | Time Elpased:124.8306930065155
2018-11-10 13:54:13,385 - [INFO] - seq_len:400 | Test Accuracy:92.012 | Epoch Loss:0.203568834900856 | Time Elpased:142.65810251235962
2018-11-10 13:56:54,065 - [INFO] - seq_len:450 | Test Accuracy:92.12 | Epoch Loss:0.20189071863889693 | Time Elpased:160.67608880996704
2018-11-10 13:56:54,277 - [INFO] - [Test] | Model: train seq_length:150, train_layer:last
2018-11-10 13:57:15,270 - [INFO] - seq_len:50 | Test Accuracy:79.388 | Epoch Loss:0.6586427248716354 | Time Elpased:20.99196434020996
2018-11-10 13:57:56,346 - [INFO] - seq_len:100 | Test Accuracy:85.456 | Epoch Loss:0.5507286354899407 | Time Elpased:41.075424909591675
2018-11-10 13:58:57,419 - [INFO] - seq_len:150 | Test Accuracy:88.38000000000001 | Epoch Loss:0.4690836091339588 | Time Elpased:61.07226085662842
2018-11-10 14:00:18,578 - [INFO] - seq_len:200 | Test Accuracy:89.832 | Epoch Loss:0.40017462202906606 | Time Elpased:81.15817022323608
2018-11-10 14:01:59,580 - [INFO] - seq_len:250 | Test Accuracy:90.496 | Epoch Loss:0.36958233642578125 | Time Elpased:101.00182795524597
2018-11-10 14:04:00,955 - [INFO] - seq_len:300 | Test Accuracy:91.008 | Epoch Loss:0.353393399015069 | Time Elpased:121.37455081939697
2018-11-10 14:06:22,433 - [INFO] - seq_len:350 | Test Accuracy:91.268 | Epoch Loss:0.3392616956681013 | Time Elpased:141.47428846359253
2018-11-10 14:09:03,911 - [INFO] - seq_len:400 | Test Accuracy:91.456 | Epoch Loss:0.336623281493783 | Time Elpased:161.47752928733826
2018-11-10 14:12:05,606 - [INFO] - seq_len:450 | Test Accuracy:91.556 | Epoch Loss:0.3314135113954544 | Time Elpased:181.69399619102478
2018-11-10 14:12:05,832 - [INFO] - [Test] | Model: train seq_length:100, train_layer:all
2018-11-10 14:12:26,814 - [INFO] - seq_len:50 | Test Accuracy:78.376 | Epoch Loss:0.7198365308046341 | Time Elpased:20.980947971343994
2018-11-10 14:13:07,868 - [INFO] - seq_len:100 | Test Accuracy:84.80799999999999 | Epoch Loss:0.5431829288005828 | Time Elpased:41.053114891052246
2018-11-10 14:14:08,927 - [INFO] - seq_len:150 | Test Accuracy:88.408 | Epoch Loss:0.4170087584853172 | Time Elpased:61.05828642845154
2018-11-10 14:15:30,080 - [INFO] - seq_len:200 | Test Accuracy:89.976 | Epoch Loss:0.35431302508711815 | Time Elpased:81.14834332466125
2018-11-10 14:17:11,056 - [INFO] - seq_len:250 | Test Accuracy:90.708 | Epoch Loss:0.3193375469148159 | Time Elpased:100.97501873970032
2018-11-10 14:19:12,380 - [INFO] - seq_len:300 | Test Accuracy:91.116 | Epoch Loss:0.30483129394054415 | Time Elpased:121.32372641563416
2018-11-10 14:21:33,832 - [INFO] - seq_len:350 | Test Accuracy:91.57600000000001 | Epoch Loss:0.2923337341994047 | Time Elpased:141.45097088813782
2018-11-10 14:24:15,220 - [INFO] - seq_len:400 | Test Accuracy:91.696 | Epoch Loss:0.2869393238276243 | Time Elpased:161.3873794078827
2018-11-10 14:27:16,833 - [INFO] - seq_len:450 | Test Accuracy:91.78 | Epoch Loss:0.2821652851104736 | Time Elpased:181.6127905845642
