----------------------------------------
Begin Torque Prologue on nid27636
at Sat Nov  3 20:11:48 CDT 2018
Job Id:			9178938.bw
Username:		tra380
Group:			TRAIN_bauh
Job name:		hw7-3a
Requested resources:	nodes=1:ppn=16:xk,walltime=24:00:00,neednodes=1:ppn=16:xk
Queue:			normal
Account:		bauh
End Torque Prologue:  0.140 elapsed
----------------------------------------




begin training...
epoch accuracy loss time
0 15.94 5.3880 550.3017   train
   22.42 4.7855 63.9549   test
1 19.80 4.6385 551.0268
   24.19 4.4883 63.9621
2 20.90 4.5034 550.6495
   24.98 4.5146 64.0011
3 21.50 4.4268 550.2476
   25.44 4.3835 63.9953
4 21.96 4.3751 550.1195
   25.87 4.3993 63.9683
5 22.32 4.3355 550.2428
   26.17 4.3273 63.9846
6 22.52 4.3074 549.4674
   26.30 4.3032 63.9622
7 22.70 4.2832 550.5183
   26.55 4.2865 63.9563
8 22.90 4.2618 551.0712
   26.67 4.2562 63.9537
9 23.11 4.2411 551.6776
   26.85 4.1704 63.9916
10 23.19 4.2283 551.0453
   26.93 4.3083 63.9472
11 23.35 4.2121 550.7461
   26.99 4.2024 63.9637
12 23.43 4.2026 550.3108
   27.12 4.1916 63.9656
13 23.55 4.1898 550.1583
   27.21 4.1713 63.9734
14 23.66 4.1798 551.0325
   27.27 4.1264 63.9468
15 23.69 4.1699 551.0215
   27.35 4.2235 63.9533
16 23.80 4.1609 550.9108
   27.40 4.2433 63.9525
17 23.86 4.1549 550.3578
   27.46 4.2064 63.9644
18 23.94 4.1451 550.2605
   27.48 4.2130 63.9624
19 24.02 4.1364 549.6246
   27.56 4.0759 63.9628
20 24.04 4.1321 550.9889
   27.58 4.1232 63.9727
21 24.13 4.1248 550.4220
   27.65 4.1484 63.9678
22 24.20 4.1180 549.5477
   27.69 4.1135 63.9708
23 24.21 4.1134 549.7135
   27.73 4.1612 63.9643
24 24.28 4.1065 551.5837
   27.74 4.1420 63.9685
25 24.34 4.1017 550.6036
   27.82 4.0597 64.0065
26 24.40 4.0943 551.1000
   27.79 4.0685 63.9703
27 24.39 4.0921 550.3853
   27.86 4.0474 63.9838
28 24.43 4.0870 553.0434
   27.91 4.0946 65.4090
29 24.50 4.0834 561.7142
   27.88 4.0364 65.4010
30 24.55 4.0770 535.9226
   27.98 4.0909 62.0025
31 24.59 4.0731 540.3241
   27.97 4.0855 64.5705
32 24.61 4.0684 555.2393
   27.98 4.0909 64.5686
33 24.68 4.0644 550.6558
   28.02 4.0952 63.9790
34 24.75 4.0591 548.9310
   28.02 4.0414 63.9619
35 24.73 4.0585 549.4833
   28.06 4.0284 63.9534
36 24.75 4.0545 549.0818
   28.07 4.1117 63.9468
37 24.83 4.0497 549.7287
   28.07 4.1091 63.9650
38 24.85 4.0457 548.6247
   28.11 4.0675 63.9652
39 24.82 4.0449 549.1019
   28.14 4.1111 63.9473
40 24.93 4.0399 549.4106
   28.17 3.9645 63.9438
41 24.92 4.0370 549.3526
   28.18 3.9874 63.9944
42 24.95 4.0336 549.5554
   28.14 4.0055 63.9717
43 24.94 4.0344 549.2380
   28.17 4.0523 63.9695
44 24.99 4.0284 549.4928
   28.26 3.9809 63.9671
45 25.02 4.0278 550.4519
   28.25 4.0367 63.9729
46 25.05 4.0237 549.6613
   28.23 4.0048 63.9979
47 25.06 4.0203 549.6599
   28.25 4.0151 63.9801
48 25.11 4.0186 550.7039
   28.31 4.0843 63.9720
49 25.10 4.0184 550.0534
   28.28 3.9975 63.9608
50 25.33 3.9964 549.5265
   28.42 4.0456 63.9576
51 25.40 3.9871 550.1007
   28.41 4.0019 63.9471
52 25.45 3.9835 550.8057
   28.43 4.0125 63.9584
53 25.46 3.9819 550.3490
   28.47 3.9895 63.9574
54 25.51 3.9775 549.4844
   28.49 3.9062 63.9718
55 25.52 3.9757 549.8711
   28.47 4.0143 63.9372
56 25.57 3.9731 550.9128
   28.46 3.9351 63.9659
57 25.58 3.9700 550.8124
   28.50 3.9202 63.9634
58 25.59 3.9688 550.2633
   28.53 3.9704 63.9429
59 25.60 3.9682 549.6059
   28.53 3.9051 63.9671
60 25.63 3.9636 549.8031
   28.51 3.9475 63.9442
61 25.64 3.9650 550.0988
   28.54 3.8812 63.9735
62 25.63 3.9629 550.2619
   28.55 3.9321 63.9669
63 25.64 3.9648 551.1167
   28.55 3.9767 63.9546
64 25.64 3.9612 551.1108
   28.55 3.9915 63.9677
65 25.65 3.9609 551.7893
   28.57 3.9610 63.9676
66 25.65 3.9603 551.2225
   28.58 3.9660 63.9594
67 25.72 3.9581 550.7207
   28.61 3.9187 63.9518
68 25.71 3.9566 550.2922
   28.57 3.9795 63.9704
69 25.66 3.9593 549.1561
   28.57 3.9512 63.9721
70 25.69 3.9578 549.9839
   28.59 3.9588 63.9548
71 25.69 3.9582 550.4023
   28.59 3.9099 63.9660
72 25.67 3.9570 549.3841
   28.55 3.9668 63.9935
73 25.70 3.9565 549.2343
   28.60 3.9532 63.9740
74 25.73 3.9547 549.0963
   28.62 3.9428 63.9886
Application 70573599 resources: utime ~45378s, stime ~698s, Rss ~2281964, inblocks ~345899, outblocks ~114353
