2018-10-31 01:01:29,502 - [INFO] - [Train] | Model:ta | embedding dimension:500 | optimizer:adam | learning rate:0.001
2018-10-31 01:02:14,619 - [INFO] - Epoch:0 | Train Accuracy:76.64800000000001 | Epoch Loss:0.48575558280944825 | Time Elpased:42.78429985046387
2018-10-31 01:02:56,172 - [INFO] - Epoch:1 | Train Accuracy:81.012 | Epoch Loss:0.41418717241287234 | Time Elpased:41.5529625415802
2018-10-31 01:03:37,765 - [INFO] - Epoch:2 | Train Accuracy:82.028 | Epoch Loss:0.3940354449748993 | Time Elpased:41.59221696853638
2018-10-31 01:04:19,369 - [INFO] - Epoch:3 | Train Accuracy:83.068 | Epoch Loss:0.3759510576725006 | Time Elpased:41.600119829177856
2018-10-31 01:05:00,990 - [INFO] - Epoch:4 | Train Accuracy:83.684 | Epoch Loss:0.36153145909309387 | Time Elpased:41.621217250823975
2018-10-31 01:05:42,612 - [INFO] - Epoch:5 | Train Accuracy:84.868 | Epoch Loss:0.3465539124011993 | Time Elpased:41.62126064300537
2018-10-31 01:06:24,268 - [INFO] - Epoch:6 | Train Accuracy:85.14 | Epoch Loss:0.33940378856658937 | Time Elpased:41.655585527420044
2018-10-31 01:07:05,910 - [INFO] - Epoch:7 | Train Accuracy:85.828 | Epoch Loss:0.32277721762657163 | Time Elpased:41.64256954193115
2018-10-31 01:07:47,550 - [INFO] - Epoch:8 | Train Accuracy:86.42 | Epoch Loss:0.31725070333480837 | Time Elpased:41.638914823532104
2018-10-31 01:08:29,180 - [INFO] - Epoch:9 | Train Accuracy:86.68 | Epoch Loss:0.3088658938407898 | Time Elpased:41.630290508270264
2018-10-31 01:09:10,886 - [INFO] - Epoch:10 | Train Accuracy:87.09599999999999 | Epoch Loss:0.30071827399730683 | Time Elpased:41.705588817596436
2018-10-31 01:09:52,559 - [INFO] - Epoch:11 | Train Accuracy:88.156 | Epoch Loss:0.2789090040922165 | Time Elpased:41.672895431518555
2018-10-31 01:10:34,236 - [INFO] - Epoch:12 | Train Accuracy:88.288 | Epoch Loss:0.2731534456014633 | Time Elpased:41.67651557922363
2018-10-31 01:11:15,930 - [INFO] - Epoch:13 | Train Accuracy:88.524 | Epoch Loss:0.2680347511768341 | Time Elpased:41.69362258911133
2018-10-31 01:11:57,661 - [INFO] - Epoch:14 | Train Accuracy:89.312 | Epoch Loss:0.25841757345199584 | Time Elpased:41.72573947906494
2018-10-31 01:12:39,385 - [INFO] - Epoch:15 | Train Accuracy:89.756 | Epoch Loss:0.2447621749639511 | Time Elpased:41.72361779212952
2018-10-31 01:13:21,098 - [INFO] - Epoch:16 | Train Accuracy:89.876 | Epoch Loss:0.24250818037986754 | Time Elpased:41.71262240409851
2018-10-31 01:14:02,798 - [INFO] - Epoch:17 | Train Accuracy:90.60000000000001 | Epoch Loss:0.22748377430438996 | Time Elpased:41.700095891952515
2018-10-31 01:14:44,522 - [INFO] - Epoch:18 | Train Accuracy:91.312 | Epoch Loss:0.21761470621824264 | Time Elpased:41.72283697128296
2018-10-31 01:15:26,286 - [INFO] - Epoch:19 | Train Accuracy:91.592 | Epoch Loss:0.20893405532836914 | Time Elpased:41.7645845413208
2018-10-31 01:15:26,370 - [INFO] - [Train] | Model:ta | embedding dimension:100 | optimizer:adam | learning rate:0.001
2018-10-31 01:15:52,068 - [INFO] - Epoch:0 | Train Accuracy:71.088 | Epoch Loss:0.5444077405929565 | Time Elpased:25.69532322883606
2018-10-31 01:16:17,762 - [INFO] - Epoch:1 | Train Accuracy:79.884 | Epoch Loss:0.43599363017082216 | Time Elpased:25.69352102279663
2018-10-31 01:16:43,489 - [INFO] - Epoch:2 | Train Accuracy:81.34 | Epoch Loss:0.40911078453063965 | Time Elpased:25.726975440979004
2018-10-31 01:17:09,226 - [INFO] - Epoch:3 | Train Accuracy:81.704 | Epoch Loss:0.39964647555351257 | Time Elpased:25.73707103729248
2018-10-31 01:17:34,936 - [INFO] - Epoch:4 | Train Accuracy:82.848 | Epoch Loss:0.38713115882873533 | Time Elpased:25.709031581878662
2018-10-31 01:18:00,649 - [INFO] - Epoch:5 | Train Accuracy:83.208 | Epoch Loss:0.3747576699256897 | Time Elpased:25.709840536117554
2018-10-31 01:18:26,369 - [INFO] - Epoch:6 | Train Accuracy:83.67599999999999 | Epoch Loss:0.36647984671592715 | Time Elpased:25.71979832649231
2018-10-31 01:18:52,102 - [INFO] - Epoch:7 | Train Accuracy:84.284 | Epoch Loss:0.35598663783073425 | Time Elpased:25.732586145401
2018-10-31 01:19:17,848 - [INFO] - Epoch:8 | Train Accuracy:84.816 | Epoch Loss:0.34887550020217895 | Time Elpased:25.745256423950195
2018-10-31 01:19:43,618 - [INFO] - Epoch:9 | Train Accuracy:84.92 | Epoch Loss:0.34290744495391845 | Time Elpased:25.7700252532959
2018-10-31 01:20:09,390 - [INFO] - Epoch:10 | Train Accuracy:85.7 | Epoch Loss:0.3340718853473663 | Time Elpased:25.771267652511597
2018-10-31 01:20:35,162 - [INFO] - Epoch:11 | Train Accuracy:85.38799999999999 | Epoch Loss:0.3335570102930069 | Time Elpased:25.772136926651
2018-10-31 01:21:00,947 - [INFO] - Epoch:12 | Train Accuracy:86.148 | Epoch Loss:0.32296460700035096 | Time Elpased:25.784725666046143
2018-10-31 01:21:26,723 - [INFO] - Epoch:13 | Train Accuracy:86.42 | Epoch Loss:0.31604939711093905 | Time Elpased:25.774997234344482
2018-10-31 01:21:52,475 - [INFO] - Epoch:14 | Train Accuracy:86.55199999999999 | Epoch Loss:0.30979339945316314 | Time Elpased:25.75217580795288
2018-10-31 01:22:18,228 - [INFO] - Epoch:15 | Train Accuracy:87.124 | Epoch Loss:0.3007633844614029 | Time Elpased:25.75216031074524
2018-10-31 01:22:43,985 - [INFO] - Epoch:16 | Train Accuracy:87.156 | Epoch Loss:0.29397727632522586 | Time Elpased:25.75736093521118
2018-10-31 01:23:09,753 - [INFO] - Epoch:17 | Train Accuracy:87.664 | Epoch Loss:0.29023339378833773 | Time Elpased:25.767521858215332
2018-10-31 01:23:35,561 - [INFO] - Epoch:18 | Train Accuracy:88.044 | Epoch Loss:0.28198130524158477 | Time Elpased:25.807969570159912
2018-10-31 01:24:01,391 - [INFO] - Epoch:19 | Train Accuracy:88.05199999999999 | Epoch Loss:0.28244754767417907 | Time Elpased:25.828932285308838
2018-10-31 01:24:01,783 - [INFO] - [Train] | Model:ta | embedding dimension:2000 | optimizer:adam | learning rate:0.001
2018-10-31 01:28:51,915 - [INFO] - Epoch:0 | Train Accuracy:76.984 | Epoch Loss:0.48517678928375246 | Time Elpased:290.08619689941406
2018-10-31 01:33:41,966 - [INFO] - Epoch:1 | Train Accuracy:80.464 | Epoch Loss:0.42748674380779267 | Time Elpased:290.0510265827179
2018-10-31 01:50:48,164 - [INFO] - [Train] | Model:ta | embedding dimension:2000 | optimizer:adam | learning rate:0.001
2018-10-31 01:55:41,798 - [INFO] - Epoch:0 | Train Accuracy:77.77199999999999 | Epoch Loss:0.4804748932123184 | Time Elpased:291.2314193248749
2018-10-31 02:00:31,975 - [INFO] - Epoch:1 | Train Accuracy:80.572 | Epoch Loss:0.4261963124871254 | Time Elpased:290.1742081642151
2018-10-31 02:05:22,206 - [INFO] - Epoch:2 | Train Accuracy:81.948 | Epoch Loss:0.40178262937068937 | Time Elpased:290.23006081581116
2018-10-31 02:10:12,523 - [INFO] - Epoch:3 | Train Accuracy:82.16 | Epoch Loss:0.3951300424337387 | Time Elpased:290.31740832328796
2018-10-31 02:15:02,867 - [INFO] - Epoch:4 | Train Accuracy:83.664 | Epoch Loss:0.3703379652500153 | Time Elpased:290.3432409763336
2018-10-31 02:19:53,203 - [INFO] - Epoch:5 | Train Accuracy:83.684 | Epoch Loss:0.3624004890322685 | Time Elpased:290.3358612060547
2018-10-31 02:24:43,528 - [INFO] - Epoch:6 | Train Accuracy:84.89999999999999 | Epoch Loss:0.348808600127697 | Time Elpased:290.32438683509827
2018-10-31 02:29:33,939 - [INFO] - Epoch:7 | Train Accuracy:85.836 | Epoch Loss:0.3262722042798996 | Time Elpased:290.41095757484436
2018-10-31 02:34:24,264 - [INFO] - Epoch:8 | Train Accuracy:86.09599999999999 | Epoch Loss:0.3200742791891098 | Time Elpased:290.32481694221497
2018-10-31 02:39:14,570 - [INFO] - Epoch:9 | Train Accuracy:86.652 | Epoch Loss:0.31109835267066954 | Time Elpased:290.3054461479187
2018-10-31 02:44:04,874 - [INFO] - Epoch:10 | Train Accuracy:86.668 | Epoch Loss:0.3074347838163376 | Time Elpased:290.30337619781494
2018-10-31 02:48:55,295 - [INFO] - Epoch:11 | Train Accuracy:87.196 | Epoch Loss:0.3058402249217033 | Time Elpased:290.4205012321472
2018-10-31 02:53:45,619 - [INFO] - Epoch:12 | Train Accuracy:88.368 | Epoch Loss:0.2746584864258766 | Time Elpased:290.32409596443176
2018-10-31 02:58:35,961 - [INFO] - Epoch:13 | Train Accuracy:88.82 | Epoch Loss:0.263274463057518 | Time Elpased:290.34186267852783
2018-10-31 03:03:26,298 - [INFO] - Epoch:14 | Train Accuracy:89.46 | Epoch Loss:0.2541546759903431 | Time Elpased:290.33587861061096
2018-10-31 03:08:16,777 - [INFO] - Epoch:15 | Train Accuracy:90.572 | Epoch Loss:0.22952655321359636 | Time Elpased:290.47909474372864
2018-10-31 03:13:07,165 - [INFO] - Epoch:16 | Train Accuracy:90.96 | Epoch Loss:0.2200875069797039 | Time Elpased:290.3874032497406
2018-10-31 03:17:57,547 - [INFO] - Epoch:17 | Train Accuracy:91.092 | Epoch Loss:0.21533793246746064 | Time Elpased:290.3815200328827
2018-10-31 03:22:47,823 - [INFO] - Epoch:18 | Train Accuracy:91.988 | Epoch Loss:0.2034721806049347 | Time Elpased:290.2765772342682
2018-10-31 03:27:38,153 - [INFO] - Epoch:19 | Train Accuracy:92.624 | Epoch Loss:0.18533572190999983 | Time Elpased:290.3291642665863
2018-10-31 03:27:38,592 - [INFO] - [Train] | Model:ta | embedding dimension:500 | optimizer:sgd | learning rate:0.001
2018-10-31 03:28:20,397 - [INFO] - Epoch:0 | Train Accuracy:54.66 | Epoch Loss:0.7091336603164673 | Time Elpased:41.80109143257141
2018-10-31 03:29:02,193 - [INFO] - Epoch:1 | Train Accuracy:60.768 | Epoch Loss:0.6550832090377807 | Time Elpased:41.79554629325867
2018-10-31 03:29:44,018 - [INFO] - Epoch:2 | Train Accuracy:65.49199999999999 | Epoch Loss:0.6204034557342529 | Time Elpased:41.824509620666504
2018-10-31 03:30:25,842 - [INFO] - Epoch:3 | Train Accuracy:68.604 | Epoch Loss:0.5883035521507263 | Time Elpased:41.82380151748657
2018-10-31 03:31:07,692 - [INFO] - Epoch:4 | Train Accuracy:70.46 | Epoch Loss:0.5691794955730438 | Time Elpased:41.849773645401
2018-10-31 03:31:49,516 - [INFO] - Epoch:5 | Train Accuracy:72.116 | Epoch Loss:0.5512693762779236 | Time Elpased:41.82344436645508
2018-10-31 03:32:31,330 - [INFO] - Epoch:6 | Train Accuracy:72.452 | Epoch Loss:0.5408431525230408 | Time Elpased:41.81375312805176
2018-10-31 03:33:13,168 - [INFO] - Epoch:7 | Train Accuracy:73.612 | Epoch Loss:0.5311112153530121 | Time Elpased:41.83819890022278
2018-10-31 03:33:55,055 - [INFO] - Epoch:8 | Train Accuracy:73.46000000000001 | Epoch Loss:0.5282279024124146 | Time Elpased:41.88655471801758
2018-10-31 03:34:36,963 - [INFO] - Epoch:9 | Train Accuracy:74.78399999999999 | Epoch Loss:0.5149108564853668 | Time Elpased:41.906901359558105
2018-10-31 03:35:18,859 - [INFO] - Epoch:10 | Train Accuracy:74.996 | Epoch Loss:0.5120602812767029 | Time Elpased:41.896151065826416
2018-10-31 03:36:00,723 - [INFO] - Epoch:11 | Train Accuracy:74.992 | Epoch Loss:0.509297676563263 | Time Elpased:41.8631227016449
2018-10-31 03:36:42,595 - [INFO] - Epoch:12 | Train Accuracy:75.136 | Epoch Loss:0.5050996153354644 | Time Elpased:41.87194228172302
2018-10-31 03:37:24,476 - [INFO] - Epoch:13 | Train Accuracy:75.832 | Epoch Loss:0.49699184226989745 | Time Elpased:41.88101387023926
2018-10-31 03:38:06,399 - [INFO] - Epoch:14 | Train Accuracy:76.184 | Epoch Loss:0.4956657843589783 | Time Elpased:41.922956466674805
2018-10-31 03:38:48,329 - [INFO] - Epoch:15 | Train Accuracy:76.288 | Epoch Loss:0.492064608335495 | Time Elpased:41.92901086807251
2018-10-31 03:39:30,215 - [INFO] - Epoch:16 | Train Accuracy:76.644 | Epoch Loss:0.48412489223480226 | Time Elpased:41.886390209198
2018-10-31 03:40:12,098 - [INFO] - Epoch:17 | Train Accuracy:76.75999999999999 | Epoch Loss:0.4834347596168518 | Time Elpased:41.882193088531494
2018-10-31 03:40:54,015 - [INFO] - Epoch:18 | Train Accuracy:76.956 | Epoch Loss:0.4797901713848114 | Time Elpased:41.916269063949585
2018-10-31 03:41:35,983 - [INFO] - Epoch:19 | Train Accuracy:76.992 | Epoch Loss:0.47732670211791994 | Time Elpased:41.968294620513916
2018-10-31 16:51:41,360 - [INFO] - [Test] | Model:ta | embedding dimension:500 | optimizer:adam | learning rate:0.001
2018-10-31 16:51:48,897 - [INFO] - [Test] | Model:ta | embedding dimension:500 | optimizer:adam | learning rate:0.001
2018-10-31 16:51:50,900 - [INFO] - seq_len:50 | Test Accuracy:79.10000000000001 | Epoch Loss:0.47504351305961606 | Time Elpased:9.521918773651123
2018-10-31 16:52:11,335 - [INFO] - seq_len:100 | Test Accuracy:84.936 | Epoch Loss:0.3579491202831268 | Time Elpased:20.389320611953735
2018-10-31 16:52:41,531 - [INFO] - seq_len:150 | Test Accuracy:87.76 | Epoch Loss:0.3002081800699234 | Time Elpased:30.195603847503662
2018-10-31 16:53:25,828 - [INFO] - seq_len:200 | Test Accuracy:89.11200000000001 | Epoch Loss:0.27389309906959536 | Time Elpased:44.29351997375488
2018-10-31 16:54:20,728 - [INFO] - seq_len:250 | Test Accuracy:89.42 | Epoch Loss:0.2727667027711868 | Time Elpased:54.899409532547
2018-10-31 16:55:26,650 - [INFO] - seq_len:300 | Test Accuracy:89.544 | Epoch Loss:0.27389641547203064 | Time Elpased:65.92107653617859
2018-10-31 16:56:43,622 - [INFO] - seq_len:350 | Test Accuracy:89.42 | Epoch Loss:0.2783118842840195 | Time Elpased:76.97256445884705
2018-10-31 16:58:11,455 - [INFO] - seq_len:400 | Test Accuracy:89.532 | Epoch Loss:0.2790564810037613 | Time Elpased:87.83217239379883
2018-10-31 16:59:50,380 - [INFO] - seq_len:450 | Test Accuracy:89.44 | Epoch Loss:0.28286298203468324 | Time Elpased:98.92503929138184
2018-10-31 16:59:50,532 - [INFO] - [Test] | Model:ta | embedding dimension:100 | optimizer:adam | learning rate:0.001
2018-10-31 16:59:56,443 - [INFO] - seq_len:50 | Test Accuracy:79.096 | Epoch Loss:0.4538727669715881 | Time Elpased:5.910770893096924
2018-10-31 17:00:11,876 - [INFO] - seq_len:100 | Test Accuracy:84.58 | Epoch Loss:0.3588176127672195 | Time Elpased:15.432328462600708
2018-10-31 17:00:37,854 - [INFO] - seq_len:150 | Test Accuracy:87.55199999999999 | Epoch Loss:0.3024167662858963 | Time Elpased:25.978411436080933
2018-10-31 17:01:12,280 - [INFO] - seq_len:200 | Test Accuracy:88.62 | Epoch Loss:0.28048032844066617 | Time Elpased:34.42544960975647
2018-10-31 17:01:55,230 - [INFO] - seq_len:250 | Test Accuracy:89.29599999999999 | Epoch Loss:0.274472557425499 | Time Elpased:42.949047803878784
2018-10-31 17:02:46,854 - [INFO] - seq_len:300 | Test Accuracy:89.208 | Epoch Loss:0.27943065321445465 | Time Elpased:51.62437391281128
2018-10-31 17:03:46,923 - [INFO] - seq_len:350 | Test Accuracy:89.324 | Epoch Loss:0.2806327826976776 | Time Elpased:60.06829285621643
2018-10-31 17:04:55,558 - [INFO] - seq_len:400 | Test Accuracy:89.476 | Epoch Loss:0.28479675245285035 | Time Elpased:68.63470458984375
2018-10-31 17:06:12,895 - [INFO] - seq_len:450 | Test Accuracy:89.508 | Epoch Loss:0.2879753452539444 | Time Elpased:77.33705854415894
2018-10-31 17:06:13,294 - [INFO] - [Test] | Model:ta | embedding dimension:2000 | optimizer:adam | learning rate:0.001
2018-10-31 17:07:02,457 - [INFO] - seq_len:50 | Test Accuracy:78.388 | Epoch Loss:0.5178700714111328 | Time Elpased:49.16220045089722
2018-10-31 17:08:40,202 - [INFO] - seq_len:100 | Test Accuracy:84.48400000000001 | Epoch Loss:0.3882194103002548 | Time Elpased:97.74471068382263
2018-10-31 17:11:12,495 - [INFO] - seq_len:150 | Test Accuracy:87.26 | Epoch Loss:0.32772085067629814 | Time Elpased:152.29340171813965
2018-10-31 17:14:36,213 - [INFO] - seq_len:200 | Test Accuracy:88.8 | Epoch Loss:0.29395346385240556 | Time Elpased:203.71435618400574
2018-10-31 17:18:50,022 - [INFO] - seq_len:250 | Test Accuracy:89.872 | Epoch Loss:0.27282847464084625 | Time Elpased:253.80819463729858
2018-10-31 17:24:04,434 - [INFO] - seq_len:300 | Test Accuracy:90.008 | Epoch Loss:0.26312352403998374 | Time Elpased:314.41130471229553
2018-10-31 17:30:12,148 - [INFO] - seq_len:350 | Test Accuracy:90.408 | Epoch Loss:0.25601832860708235 | Time Elpased:367.7137110233307
2018-10-31 17:37:13,131 - [INFO] - seq_len:400 | Test Accuracy:90.568 | Epoch Loss:0.25058585046231746 | Time Elpased:420.98312544822693
2018-10-31 17:45:08,024 - [INFO] - seq_len:450 | Test Accuracy:90.752 | Epoch Loss:0.2461777156293392 | Time Elpased:474.89232563972473
2018-10-31 17:45:08,204 - [INFO] - [Test] | Model:ta | embedding dimension:500 | optimizer:sgd | learning rate:0.001
2018-10-31 17:45:16,624 - [INFO] - seq_len:50 | Test Accuracy:74.908 | Epoch Loss:0.5061193556785584 | Time Elpased:8.419990539550781
2018-10-31 17:45:37,197 - [INFO] - seq_len:100 | Test Accuracy:79.58800000000001 | Epoch Loss:0.43852335500717166 | Time Elpased:20.57291030883789
2018-10-31 17:46:10,738 - [INFO] - seq_len:150 | Test Accuracy:81.804 | Epoch Loss:0.40609519600868227 | Time Elpased:33.540765047073364
2018-10-31 17:46:55,401 - [INFO] - seq_len:200 | Test Accuracy:83.16799999999999 | Epoch Loss:0.39077628684043886 | Time Elpased:44.66204118728638
2018-10-31 17:47:50,479 - [INFO] - seq_len:250 | Test Accuracy:83.576 | Epoch Loss:0.3817414002418518 | Time Elpased:55.078227519989014
2018-10-31 17:48:56,736 - [INFO] - seq_len:300 | Test Accuracy:83.784 | Epoch Loss:0.37776633191108705 | Time Elpased:66.25641417503357
2018-10-31 17:50:14,036 - [INFO] - seq_len:350 | Test Accuracy:83.97200000000001 | Epoch Loss:0.37221634316444396 | Time Elpased:77.29958844184875
2018-10-31 17:51:42,191 - [INFO] - seq_len:400 | Test Accuracy:84.152 | Epoch Loss:0.37130527329444885 | Time Elpased:88.15477705001831
2018-10-31 17:53:21,396 - [INFO] - seq_len:450 | Test Accuracy:84.14 | Epoch Loss:0.37056050896644593 | Time Elpased:99.20479464530945
