2018-10-30 21:16:13,901 - [INFO] - [Train] | Model:ta | vocabulary size:8001 | embedding dimension:500 | optimizer:adam | learning rate:0.001
2018-10-30 21:17:08,815 - [INFO] - Epoch:0 | Train Accuracy:68.464 | Epoch Loss:0.5862953083515168 | Time Elpased:52.59119701385498
2018-10-30 21:18:00,222 - [INFO] - Epoch:1 | Train Accuracy:80.10000000000001 | Epoch Loss:0.4288214499950409 | Time Elpased:51.40738558769226
2018-10-30 21:18:51,640 - [INFO] - Epoch:2 | Train Accuracy:83.184 | Epoch Loss:0.37618737983703615 | Time Elpased:51.4175283908844
2018-10-30 21:19:43,045 - [INFO] - Epoch:3 | Train Accuracy:85.356 | Epoch Loss:0.334479696393013 | Time Elpased:51.40467405319214
2018-10-30 21:20:34,461 - [INFO] - Epoch:4 | Train Accuracy:87.244 | Epoch Loss:0.29993856143951414 | Time Elpased:51.415260314941406
2018-10-30 21:21:25,871 - [INFO] - Epoch:5 | Train Accuracy:88.788 | Epoch Loss:0.2673810521364212 | Time Elpased:51.40992832183838
2018-10-30 21:22:17,286 - [INFO] - Epoch:6 | Train Accuracy:90.108 | Epoch Loss:0.2445497124195099 | Time Elpased:51.414607524871826
2018-10-30 21:23:08,702 - [INFO] - Epoch:7 | Train Accuracy:91.56 | Epoch Loss:0.21760547459125518 | Time Elpased:51.41596746444702
2018-10-30 21:24:00,118 - [INFO] - Epoch:8 | Train Accuracy:92.408 | Epoch Loss:0.1929310030937195 | Time Elpased:51.41592526435852
2018-10-30 21:24:51,533 - [INFO] - Epoch:9 | Train Accuracy:93.03200000000001 | Epoch Loss:0.18432004791498185 | Time Elpased:51.41395592689514
2018-10-30 21:25:42,948 - [INFO] - Epoch:10 | Train Accuracy:93.756 | Epoch Loss:0.16422685825824737 | Time Elpased:51.41466283798218
2018-10-30 21:26:34,370 - [INFO] - Epoch:11 | Train Accuracy:94.48 | Epoch Loss:0.15068619298934938 | Time Elpased:51.42180609703064
2018-10-30 21:27:25,799 - [INFO] - Epoch:12 | Train Accuracy:94.99600000000001 | Epoch Loss:0.1350293528139591 | Time Elpased:51.4285991191864
2018-10-30 21:28:17,222 - [INFO] - Epoch:13 | Train Accuracy:95.312 | Epoch Loss:0.12874334958195685 | Time Elpased:51.42342948913574
2018-10-30 21:29:08,649 - [INFO] - Epoch:14 | Train Accuracy:95.66 | Epoch Loss:0.12075199693441391 | Time Elpased:51.426605463027954
2018-10-30 21:30:00,079 - [INFO] - Epoch:15 | Train Accuracy:95.93199999999999 | Epoch Loss:0.11108749961853027 | Time Elpased:51.429558515548706
2018-10-30 21:30:51,504 - [INFO] - Epoch:16 | Train Accuracy:96.404 | Epoch Loss:0.10216060188412666 | Time Elpased:51.42493176460266
2018-10-30 21:31:42,929 - [INFO] - Epoch:17 | Train Accuracy:96.688 | Epoch Loss:0.09363458010554314 | Time Elpased:51.42475605010986
2018-10-30 21:32:34,359 - [INFO] - Epoch:18 | Train Accuracy:96.816 | Epoch Loss:0.09218960896134376 | Time Elpased:51.428882122039795
2018-10-30 21:33:25,792 - [INFO] - Epoch:19 | Train Accuracy:97.048 | Epoch Loss:0.08719627189636231 | Time Elpased:51.43331694602966
2018-10-30 21:33:26,159 - [INFO] - [Train] | Model:ta | vocabulary size:8001 | embedding dimension:100 | optimizer:adam | learning rate:0.001
2018-10-30 21:33:44,855 - [INFO] - Epoch:0 | Train Accuracy:55.916 | Epoch Loss:0.6966834826469421 | Time Elpased:18.69256901741028
2018-10-30 21:34:03,547 - [INFO] - Epoch:1 | Train Accuracy:70.56 | Epoch Loss:0.5690468680858612 | Time Elpased:18.691240787506104
2018-10-30 21:34:22,243 - [INFO] - Epoch:2 | Train Accuracy:76.62400000000001 | Epoch Loss:0.48924139952659607 | Time Elpased:18.69597625732422
2018-10-30 21:34:40,928 - [INFO] - Epoch:3 | Train Accuracy:79.35600000000001 | Epoch Loss:0.44185589027404787 | Time Elpased:18.68521523475647
2018-10-30 21:34:59,620 - [INFO] - Epoch:4 | Train Accuracy:81.072 | Epoch Loss:0.4123250820636749 | Time Elpased:18.691431283950806
2018-10-30 21:35:18,314 - [INFO] - Epoch:5 | Train Accuracy:82.49600000000001 | Epoch Loss:0.3873050253391266 | Time Elpased:18.693745613098145
2018-10-30 21:35:37,007 - [INFO] - Epoch:6 | Train Accuracy:83.7 | Epoch Loss:0.36801267552375794 | Time Elpased:18.693012237548828
2018-10-30 21:35:55,703 - [INFO] - Epoch:7 | Train Accuracy:85.028 | Epoch Loss:0.3455226229429245 | Time Elpased:18.69524383544922
2018-10-30 21:36:14,399 - [INFO] - Epoch:8 | Train Accuracy:85.69200000000001 | Epoch Loss:0.32971667051315307 | Time Elpased:18.695669889450073
2018-10-30 21:36:33,092 - [INFO] - Epoch:9 | Train Accuracy:86.312 | Epoch Loss:0.32011195278167726 | Time Elpased:18.69275450706482
2018-10-30 21:36:51,784 - [INFO] - Epoch:10 | Train Accuracy:86.85199999999999 | Epoch Loss:0.3052630710601807 | Time Elpased:18.69122862815857
2018-10-30 21:37:10,474 - [INFO] - Epoch:11 | Train Accuracy:87.82 | Epoch Loss:0.2942290471792221 | Time Elpased:18.689889430999756
2018-10-30 21:37:29,168 - [INFO] - Epoch:12 | Train Accuracy:88.196 | Epoch Loss:0.2848997620344162 | Time Elpased:18.69408369064331
2018-10-30 21:37:47,859 - [INFO] - Epoch:13 | Train Accuracy:88.64800000000001 | Epoch Loss:0.274153321146965 | Time Elpased:18.69093680381775
2018-10-30 21:38:06,548 - [INFO] - Epoch:14 | Train Accuracy:88.992 | Epoch Loss:0.265827258348465 | Time Elpased:18.688437938690186
2018-10-30 21:38:25,241 - [INFO] - Epoch:15 | Train Accuracy:89.408 | Epoch Loss:0.2630718545913696 | Time Elpased:18.69296097755432
2018-10-30 21:38:43,933 - [INFO] - Epoch:16 | Train Accuracy:89.824 | Epoch Loss:0.24785923063755036 | Time Elpased:18.691662311553955
2018-10-30 21:39:02,623 - [INFO] - Epoch:17 | Train Accuracy:90.236 | Epoch Loss:0.24300862884521485 | Time Elpased:18.689064264297485
2018-10-30 21:39:21,313 - [INFO] - Epoch:18 | Train Accuracy:90.608 | Epoch Loss:0.2325566246509552 | Time Elpased:18.689513206481934
2018-10-30 21:39:40,005 - [INFO] - Epoch:19 | Train Accuracy:91.104 | Epoch Loss:0.22964961791038513 | Time Elpased:18.692527770996094
2018-10-30 21:39:40,413 - [INFO] - [Train] | Model:ta | vocabulary size:10000 | embedding dimension:500 | optimizer:adam | learning rate:0.001
2018-10-30 21:40:46,112 - [INFO] - Epoch:0 | Train Accuracy:70.672 | Epoch Loss:0.5647586550712586 | Time Elpased:65.68439602851868
2018-10-30 21:41:51,790 - [INFO] - Epoch:1 | Train Accuracy:80.996 | Epoch Loss:0.4138092736005783 | Time Elpased:65.67764830589294
2018-10-30 21:42:57,472 - [INFO] - Epoch:2 | Train Accuracy:83.884 | Epoch Loss:0.36168383932113646 | Time Elpased:65.68141746520996
2018-10-30 21:44:03,129 - [INFO] - Epoch:3 | Train Accuracy:86.10799999999999 | Epoch Loss:0.3237048233747482 | Time Elpased:65.65633726119995
2018-10-30 21:45:08,804 - [INFO] - Epoch:4 | Train Accuracy:87.88 | Epoch Loss:0.2849560695886612 | Time Elpased:65.67484307289124
2018-10-30 21:46:14,486 - [INFO] - Epoch:5 | Train Accuracy:89.688 | Epoch Loss:0.25272895458340644 | Time Elpased:65.68125796318054
2018-10-30 21:47:20,171 - [INFO] - Epoch:6 | Train Accuracy:90.692 | Epoch Loss:0.23109362265467645 | Time Elpased:65.68495726585388
2018-10-30 21:48:25,889 - [INFO] - Epoch:7 | Train Accuracy:91.808 | Epoch Loss:0.20757561534643174 | Time Elpased:65.71794772148132
2018-10-30 21:49:31,589 - [INFO] - Epoch:8 | Train Accuracy:92.652 | Epoch Loss:0.18969079717993736 | Time Elpased:65.69935655593872
2018-10-30 21:50:37,299 - [INFO] - Epoch:9 | Train Accuracy:93.72 | Epoch Loss:0.1685477642416954 | Time Elpased:65.70982694625854
2018-10-30 21:51:43,011 - [INFO] - Epoch:10 | Train Accuracy:94.092 | Epoch Loss:0.1580925933867693 | Time Elpased:65.71137118339539
2018-10-30 21:52:48,723 - [INFO] - Epoch:11 | Train Accuracy:94.64399999999999 | Epoch Loss:0.14690694096684456 | Time Elpased:65.71214246749878
2018-10-30 21:53:54,442 - [INFO] - Epoch:12 | Train Accuracy:94.872 | Epoch Loss:0.1395796199887991 | Time Elpased:65.71907877922058
2018-10-30 21:55:00,172 - [INFO] - Epoch:13 | Train Accuracy:95.736 | Epoch Loss:0.11995007538050413 | Time Elpased:65.72929668426514
2018-10-30 21:56:05,886 - [INFO] - Epoch:14 | Train Accuracy:95.84 | Epoch Loss:0.11443223301321268 | Time Elpased:65.71387791633606
2018-10-30 21:57:11,622 - [INFO] - Epoch:15 | Train Accuracy:96.212 | Epoch Loss:0.10533664245530963 | Time Elpased:65.73545217514038
2018-10-30 21:58:17,355 - [INFO] - Epoch:16 | Train Accuracy:96.568 | Epoch Loss:0.0993477564677596 | Time Elpased:65.73240947723389
2018-10-30 21:59:23,084 - [INFO] - Epoch:17 | Train Accuracy:96.848 | Epoch Loss:0.09027469509840011 | Time Elpased:65.72951292991638
2018-10-30 22:00:28,840 - [INFO] - Epoch:18 | Train Accuracy:96.892 | Epoch Loss:0.0885937089547515 | Time Elpased:65.755606174469
2018-10-30 22:01:34,615 - [INFO] - Epoch:19 | Train Accuracy:97.15599999999999 | Epoch Loss:0.08147794776782394 | Time Elpased:65.77438282966614
2018-10-30 22:01:35,146 - [INFO] - [Train] | Model:ta | vocabulary size:8001 | embedding dimension:500 | optimizer:sgd | learning rate:0.001
2018-10-30 22:02:26,461 - [INFO] - Epoch:0 | Train Accuracy:51.72 | Epoch Loss:0.7242718334197998 | Time Elpased:51.30162501335144
2018-10-30 22:03:17,756 - [INFO] - Epoch:1 | Train Accuracy:53.488 | Epoch Loss:0.6960193767547608 | Time Elpased:51.29485869407654
2018-10-30 22:04:09,047 - [INFO] - Epoch:2 | Train Accuracy:54.676 | Epoch Loss:0.6872749047279358 | Time Elpased:51.29063701629639
2018-10-30 22:05:00,338 - [INFO] - Epoch:3 | Train Accuracy:55.704 | Epoch Loss:0.6837828297615052 | Time Elpased:51.290436029434204
2018-10-30 22:05:51,637 - [INFO] - Epoch:4 | Train Accuracy:57.272 | Epoch Loss:0.6758938641548157 | Time Elpased:51.29890489578247
2018-10-30 22:06:42,945 - [INFO] - Epoch:5 | Train Accuracy:57.964000000000006 | Epoch Loss:0.6722817554473877 | Time Elpased:51.307180404663086
2018-10-30 22:07:34,251 - [INFO] - Epoch:6 | Train Accuracy:58.599999999999994 | Epoch Loss:0.6674509072303771 | Time Elpased:51.305673360824585
2018-10-30 22:08:25,556 - [INFO] - Epoch:7 | Train Accuracy:59.268 | Epoch Loss:0.6651354937553405 | Time Elpased:51.30487370491028
2018-10-30 22:09:16,861 - [INFO] - Epoch:8 | Train Accuracy:59.984 | Epoch Loss:0.6603961243629456 | Time Elpased:51.30488705635071
2018-10-30 22:10:08,177 - [INFO] - Epoch:9 | Train Accuracy:60.540000000000006 | Epoch Loss:0.6576338534355164 | Time Elpased:51.31531023979187
2018-10-30 22:10:59,493 - [INFO] - Epoch:10 | Train Accuracy:61.088 | Epoch Loss:0.6520969643592834 | Time Elpased:51.31573462486267
2018-10-30 22:11:50,805 - [INFO] - Epoch:11 | Train Accuracy:62.636 | Epoch Loss:0.6451274328231812 | Time Elpased:51.31227493286133
2018-10-30 22:12:42,120 - [INFO] - Epoch:12 | Train Accuracy:62.936 | Epoch Loss:0.6401314258575439 | Time Elpased:51.31455397605896
2018-10-30 22:13:33,437 - [INFO] - Epoch:13 | Train Accuracy:63.104000000000006 | Epoch Loss:0.6378507370948792 | Time Elpased:51.31271195411682
2018-10-30 22:14:24,751 - [INFO] - Epoch:14 | Train Accuracy:63.524 | Epoch Loss:0.6355574989318847 | Time Elpased:51.313602924346924
2018-10-30 22:15:16,064 - [INFO] - Epoch:15 | Train Accuracy:64.29599999999999 | Epoch Loss:0.6282295069694519 | Time Elpased:51.31227660179138
2018-10-30 22:16:07,376 - [INFO] - Epoch:16 | Train Accuracy:64.928 | Epoch Loss:0.6240346350669861 | Time Elpased:51.311723470687866
2018-10-30 22:16:58,686 - [INFO] - Epoch:17 | Train Accuracy:64.96 | Epoch Loss:0.6230044727325439 | Time Elpased:51.31010460853577
2018-10-30 22:17:49,997 - [INFO] - Epoch:18 | Train Accuracy:65.132 | Epoch Loss:0.6203030381202698 | Time Elpased:51.310842990875244
2018-10-30 22:18:41,313 - [INFO] - Epoch:19 | Train Accuracy:65.872 | Epoch Loss:0.617245913028717 | Time Elpased:51.31580567359924
2018-10-30 22:53:18,725 - [INFO] - [Test] | Model:ta | embedding dimension:8001 | vocabulary size:500 | optimizer:adam | learning rate:0.001
2018-10-30 22:53:26,985 - [INFO] - seq_len:50 | Test Accuracy:76.184 | Epoch Loss:0.7188524785041809 | Time Elpased:8.255290031433105
2018-10-30 22:53:40,878 - [INFO] - seq_len:100 | Test Accuracy:82.08800000000001 | Epoch Loss:0.5573059537410736 | Time Elpased:13.892720222473145
2018-10-30 22:54:01,376 - [INFO] - seq_len:150 | Test Accuracy:85.636 | Epoch Loss:0.4370276563167572 | Time Elpased:20.497321844100952
2018-10-30 22:54:28,615 - [INFO] - seq_len:200 | Test Accuracy:86.884 | Epoch Loss:0.40393689620494844 | Time Elpased:27.238945484161377
2018-10-30 22:55:02,279 - [INFO] - seq_len:250 | Test Accuracy:87.30799999999999 | Epoch Loss:0.400881143450737 | Time Elpased:33.66355347633362
2018-10-30 22:55:42,932 - [INFO] - seq_len:300 | Test Accuracy:87.812 | Epoch Loss:0.400045441031456 | Time Elpased:40.65209746360779
2018-10-30 22:56:30,335 - [INFO] - seq_len:350 | Test Accuracy:87.888 | Epoch Loss:0.3981444509029388 | Time Elpased:47.4034104347229
2018-10-30 22:57:24,515 - [INFO] - seq_len:400 | Test Accuracy:87.924 | Epoch Loss:0.403818223118782 | Time Elpased:54.17940711975098
2018-10-30 22:58:25,674 - [INFO] - seq_len:450 | Test Accuracy:88.08399999999999 | Epoch Loss:0.403482333779335 | Time Elpased:61.15826630592346
2018-10-30 22:58:25,848 - [INFO] - [Test] | Model:ta | embedding dimension:8001 | vocabulary size:100 | optimizer:adam | learning rate:0.001
2018-10-30 22:58:29,522 - [INFO] - seq_len:50 | Test Accuracy:75.80799999999999 | Epoch Loss:0.5578106672763824 | Time Elpased:3.6731152534484863
2018-10-30 22:58:36,353 - [INFO] - seq_len:100 | Test Accuracy:82.04 | Epoch Loss:0.4490963041782379 | Time Elpased:6.8310322761535645
2018-10-30 22:58:46,348 - [INFO] - seq_len:150 | Test Accuracy:84.8 | Epoch Loss:0.37776203274726866 | Time Elpased:9.994330883026123
2018-10-30 22:58:59,563 - [INFO] - seq_len:200 | Test Accuracy:86.412 | Epoch Loss:0.3497894868850708 | Time Elpased:13.214943885803223
2018-10-30 22:59:16,029 - [INFO] - seq_len:250 | Test Accuracy:86.892 | Epoch Loss:0.3520629329681397 | Time Elpased:16.465985536575317
2018-10-30 22:59:35,850 - [INFO] - seq_len:300 | Test Accuracy:87.088 | Epoch Loss:0.34585812759399415 | Time Elpased:19.820231199264526
2018-10-30 22:59:59,062 - [INFO] - seq_len:350 | Test Accuracy:87.276 | Epoch Loss:0.3499164363145828 | Time Elpased:23.211743354797363
2018-10-30 23:00:25,689 - [INFO] - seq_len:400 | Test Accuracy:87.268 | Epoch Loss:0.3553414852619171 | Time Elpased:26.626461505889893
2018-10-30 23:00:55,801 - [INFO] - seq_len:450 | Test Accuracy:87.432 | Epoch Loss:0.3538673944473267 | Time Elpased:30.112001180648804
2018-10-30 23:00:56,007 - [INFO] - [Test] | Model:ta | embedding dimension:10000 | vocabulary size:500 | optimizer:adam | learning rate:0.001
2018-10-30 23:01:04,194 - [INFO] - seq_len:50 | Test Accuracy:75.868 | Epoch Loss:0.752035704255104 | Time Elpased:8.185864448547363
2018-10-30 23:01:19,917 - [INFO] - seq_len:100 | Test Accuracy:82.116 | Epoch Loss:0.5670230358242988 | Time Elpased:15.722641706466675
2018-10-30 23:01:43,083 - [INFO] - seq_len:150 | Test Accuracy:85.064 | Epoch Loss:0.4632534756064415 | Time Elpased:23.165825128555298
2018-10-30 23:02:13,796 - [INFO] - seq_len:200 | Test Accuracy:86.74 | Epoch Loss:0.4145108714401722 | Time Elpased:30.712884664535522
2018-10-30 23:02:51,790 - [INFO] - seq_len:250 | Test Accuracy:87.392 | Epoch Loss:0.40419989579916 | Time Elpased:37.99313259124756
2018-10-30 23:03:37,607 - [INFO] - seq_len:300 | Test Accuracy:87.76 | Epoch Loss:0.3980950845479965 | Time Elpased:45.817227602005005
2018-10-30 23:04:30,946 - [INFO] - seq_len:350 | Test Accuracy:87.712 | Epoch Loss:0.3955245924592018 | Time Elpased:53.33839201927185
2018-10-30 23:05:31,713 - [INFO] - seq_len:400 | Test Accuracy:87.91600000000001 | Epoch Loss:0.391388393163681 | Time Elpased:60.767120599746704
2018-10-30 23:06:40,135 - [INFO] - seq_len:450 | Test Accuracy:88.004 | Epoch Loss:0.38453058612346647 | Time Elpased:68.42154240608215
2018-10-30 23:06:40,313 - [INFO] - [Test] | Model:ta | embedding dimension:8001 | vocabulary size:500 | optimizer:adam | learning rate:0.001
2018-10-30 23:06:47,492 - [INFO] - seq_len:50 | Test Accuracy:69.04 | Epoch Loss:0.6059462428092957 | Time Elpased:7.177771091461182
2018-10-30 23:07:01,383 - [INFO] - seq_len:100 | Test Accuracy:72.72800000000001 | Epoch Loss:0.5762059898376465 | Time Elpased:13.890960216522217
2018-10-30 23:07:21,874 - [INFO] - seq_len:150 | Test Accuracy:73.776 | Epoch Loss:0.5613460536003113 | Time Elpased:20.491034269332886
2018-10-30 23:07:49,104 - [INFO] - seq_len:200 | Test Accuracy:73.152 | Epoch Loss:0.5582833833694458 | Time Elpased:27.22961163520813
2018-10-30 23:08:22,757 - [INFO] - seq_len:250 | Test Accuracy:72.76 | Epoch Loss:0.5577980563640594 | Time Elpased:33.652321338653564
2018-10-30 23:09:03,372 - [INFO] - seq_len:300 | Test Accuracy:72.30799999999999 | Epoch Loss:0.5584846928119659 | Time Elpased:40.61463189125061
2018-10-30 23:09:50,727 - [INFO] - seq_len:350 | Test Accuracy:71.784 | Epoch Loss:0.5610972137451172 | Time Elpased:47.35460591316223
2018-10-30 23:10:44,865 - [INFO] - seq_len:400 | Test Accuracy:71.308 | Epoch Loss:0.5649825520515442 | Time Elpased:54.13782072067261
2018-10-30 23:11:45,959 - [INFO] - seq_len:450 | Test Accuracy:71.304 | Epoch Loss:0.568215858221054 | Time Elpased:61.0937340259552
