2018-10-05 18:09:03,613 - [INFO] - torch version: 0.3.0
2018-10-05 18:09:03,613 - [INFO] - Data Preparation...
2018-10-05 18:09:06,865 - [INFO] - Loading Data...
2018-10-05 18:09:06,865 - [INFO] - Model setting...
2018-10-05 18:09:10,180 - [INFO] - Resume from the checkpoint...
2018-10-05 18:09:10,180 - [INFO] - => no checkpoint found at './myresnet_checkpoint.pth.tar'
2018-10-05 18:09:10,180 - [INFO] - => Training the resnet from scratch...
2018-10-05 18:09:10,181 - [INFO] - Model Training...
2018-10-05 18:10:31,589 - [INFO] - => Epoch: [1/50] | Training Loss:[3.6675374507904053] | Training Accuracy: [0.08565999999999999]
2018-10-05 18:10:39,421 - [INFO] - => Best parameters are updated
2018-10-05 18:11:54,519 - [INFO] - => Epoch: [2/50] | Training Loss:[3.4105637073516846] | Training Accuracy: [0.17487999999999995]
2018-10-05 18:12:01,486 - [INFO] - => Epoch: [2/50] | Testing Loss:[3.218857765197754] | Testing Accuracy: [0.21099999999999994]
2018-10-05 18:12:01,698 - [INFO] - => Best parameters are updated
2018-10-05 18:13:16,771 - [INFO] - => Epoch: [3/50] | Training Loss:[3.1208250522613525] | Training Accuracy: [0.24159999999999995]
2018-10-05 18:13:24,201 - [INFO] - => Best parameters are updated
2018-10-05 18:14:39,287 - [INFO] - => Epoch: [4/50] | Training Loss:[2.8033580780029297] | Training Accuracy: [0.29422000000000004]
2018-10-05 18:14:46,494 - [INFO] - => Epoch: [4/50] | Testing Loss:[2.6523492336273193] | Testing Accuracy: [0.338]
2018-10-05 18:14:46,707 - [INFO] - => Best parameters are updated
2018-10-05 18:16:01,802 - [INFO] - => Epoch: [5/50] | Training Loss:[2.4973583221435547] | Training Accuracy: [0.34598]
2018-10-05 18:16:08,984 - [INFO] - => Best parameters are updated
2018-10-05 18:17:24,046 - [INFO] - => Epoch: [6/50] | Training Loss:[2.308872938156128] | Training Accuracy: [0.39596000000000003]
2018-10-05 18:17:31,034 - [INFO] - => Epoch: [6/50] | Testing Loss:[2.2476584911346436] | Testing Accuracy: [0.408]
2018-10-05 18:17:31,248 - [INFO] - => Best parameters are updated
2018-10-05 18:18:46,324 - [INFO] - => Epoch: [7/50] | Training Loss:[1.9854052066802979] | Training Accuracy: [0.43486]
2018-10-05 18:18:53,666 - [INFO] - => Best parameters are updated
2018-10-05 18:20:08,755 - [INFO] - => Epoch: [8/50] | Training Loss:[2.0066189765930176] | Training Accuracy: [0.46404]
2018-10-05 18:20:15,966 - [INFO] - => Epoch: [8/50] | Testing Loss:[1.9042646884918213] | Testing Accuracy: [0.4667]
2018-10-05 18:20:16,178 - [INFO] - => Best parameters are updated
2018-10-05 18:21:31,248 - [INFO] - => Epoch: [9/50] | Training Loss:[1.8167752027511597] | Training Accuracy: [0.49576]
2018-10-05 18:21:38,560 - [INFO] - => Best parameters are updated
2018-10-05 18:22:53,640 - [INFO] - => Epoch: [10/50] | Training Loss:[1.8120136260986328] | Training Accuracy: [0.5202600000000001]
2018-10-05 18:23:00,670 - [INFO] - => Epoch: [10/50] | Testing Loss:[1.9258538484573364] | Testing Accuracy: [0.5012]
2018-10-05 18:23:00,883 - [INFO] - => Best parameters are updated
2018-10-05 18:24:15,968 - [INFO] - => Epoch: [11/50] | Training Loss:[1.684169054031372] | Training Accuracy: [0.54306]
2018-10-05 18:24:23,175 - [INFO] - => Best parameters are updated
2018-10-05 18:25:38,242 - [INFO] - => Epoch: [12/50] | Training Loss:[1.565700888633728] | Training Accuracy: [0.56228]
2018-10-05 18:25:45,438 - [INFO] - => Epoch: [12/50] | Testing Loss:[1.8181172609329224] | Testing Accuracy: [0.5356]
2018-10-05 18:25:45,649 - [INFO] - => Best parameters are updated
2018-10-05 18:27:00,698 - [INFO] - => Epoch: [13/50] | Training Loss:[1.5469533205032349] | Training Accuracy: [0.58388]
2018-10-05 18:27:07,914 - [INFO] - => Best parameters are updated
2018-10-05 18:28:23,010 - [INFO] - => Epoch: [14/50] | Training Loss:[1.4166734218597412] | Training Accuracy: [0.60048]
2018-10-05 18:28:30,214 - [INFO] - => Epoch: [14/50] | Testing Loss:[1.6506240367889404] | Testing Accuracy: [0.5526]
2018-10-05 18:28:30,429 - [INFO] - => Best parameters are updated
2018-10-05 18:29:45,449 - [INFO] - => Epoch: [15/50] | Training Loss:[1.396523118019104] | Training Accuracy: [0.61896]
2018-10-05 18:29:52,630 - [INFO] - => Best parameters are updated
2018-10-05 18:31:07,682 - [INFO] - => Epoch: [16/50] | Training Loss:[1.2903902530670166] | Training Accuracy: [0.63044]
2018-10-05 18:31:14,790 - [INFO] - => Epoch: [16/50] | Testing Loss:[1.6915719509124756] | Testing Accuracy: [0.5600999999999998]
2018-10-05 18:32:29,981 - [INFO] - => Epoch: [17/50] | Training Loss:[1.3232347965240479] | Training Accuracy: [0.6454200000000001]
2018-10-05 18:33:52,116 - [INFO] - => Epoch: [18/50] | Training Loss:[1.2691713571548462] | Training Accuracy: [0.6619000000000002]
2018-10-05 18:33:59,078 - [INFO] - => Epoch: [18/50] | Testing Loss:[1.5879865884780884] | Testing Accuracy: [0.5861999999999999]
2018-10-05 18:33:59,352 - [INFO] - => Best parameters are updated
2018-10-05 18:35:14,399 - [INFO] - => Epoch: [19/50] | Training Loss:[1.3818151950836182] | Training Accuracy: [0.6734399999999999]
2018-10-05 18:35:21,586 - [INFO] - => Best parameters are updated
2018-10-05 18:36:36,660 - [INFO] - => Epoch: [20/50] | Training Loss:[1.0543681383132935] | Training Accuracy: [0.6839]
2018-10-05 18:36:43,656 - [INFO] - => Epoch: [20/50] | Testing Loss:[1.416477918624878] | Testing Accuracy: [0.5946]
2018-10-05 18:37:58,827 - [INFO] - => Epoch: [21/50] | Training Loss:[1.115845799446106] | Training Accuracy: [0.69518]
2018-10-05 18:38:06,012 - [INFO] - => Best parameters are updated
2018-10-05 18:39:21,071 - [INFO] - => Epoch: [22/50] | Training Loss:[1.013654351234436] | Training Accuracy: [0.7086800000000001]
2018-10-05 18:39:28,064 - [INFO] - => Epoch: [22/50] | Testing Loss:[1.3723875284194946] | Testing Accuracy: [0.5985]
2018-10-05 18:40:43,280 - [INFO] - => Epoch: [23/50] | Training Loss:[1.147693395614624] | Training Accuracy: [0.7149999999999999]
2018-10-05 18:42:05,504 - [INFO] - => Epoch: [24/50] | Training Loss:[0.9638176560401917] | Training Accuracy: [0.72498]
2018-10-05 18:42:12,582 - [INFO] - => Epoch: [24/50] | Testing Loss:[1.733932614326477] | Testing Accuracy: [0.5952]
2018-10-05 18:43:27,776 - [INFO] - => Epoch: [25/50] | Training Loss:[0.8250384330749512] | Training Accuracy: [0.73386]
2018-10-05 18:43:35,215 - [INFO] - => Best parameters are updated
2018-10-05 18:44:50,291 - [INFO] - => Epoch: [26/50] | Training Loss:[0.8371180891990662] | Training Accuracy: [0.7405000000000002]
2018-10-05 18:44:57,490 - [INFO] - => Epoch: [26/50] | Testing Loss:[1.7632418870925903] | Testing Accuracy: [0.6051000000000001]
2018-10-05 18:46:12,659 - [INFO] - => Epoch: [27/50] | Training Loss:[0.9012301564216614] | Training Accuracy: [0.7478199999999999]
2018-10-05 18:47:34,952 - [INFO] - => Epoch: [28/50] | Training Loss:[0.9151614308357239] | Training Accuracy: [0.75924]
2018-10-05 18:47:42,158 - [INFO] - => Epoch: [28/50] | Testing Loss:[1.3996527194976807] | Testing Accuracy: [0.616]
2018-10-05 18:47:42,372 - [INFO] - => Best parameters are updated
2018-10-05 18:48:57,461 - [INFO] - => Epoch: [29/50] | Training Loss:[0.790944516658783] | Training Accuracy: [0.7693000000000001]
2018-10-05 18:49:04,657 - [INFO] - => Best parameters are updated
2018-10-05 18:49:04,658 - [INFO] - => Learning rate is updated!
2018-10-05 18:50:19,736 - [INFO] - => Epoch: [30/50] | Training Loss:[0.5595102310180664] | Training Accuracy: [0.8243999999999998]
2018-10-05 18:50:26,712 - [INFO] - => Epoch: [30/50] | Testing Loss:[1.1378512382507324] | Testing Accuracy: [0.6553]
2018-10-05 18:50:26,924 - [INFO] - => Best parameters are updated
2018-10-05 18:51:41,974 - [INFO] - => Epoch: [31/50] | Training Loss:[0.5430325269699097] | Training Accuracy: [0.8504599999999999]
2018-10-05 18:51:49,391 - [INFO] - => Best parameters are updated
2018-10-05 18:53:04,475 - [INFO] - => Epoch: [32/50] | Training Loss:[0.47846364974975586] | Training Accuracy: [0.8605199999999997]
2018-10-05 18:53:11,658 - [INFO] - => Epoch: [32/50] | Testing Loss:[1.299492597579956] | Testing Accuracy: [0.6606000000000001]
2018-10-05 18:53:11,869 - [INFO] - => Best parameters are updated
2018-10-05 18:54:26,938 - [INFO] - => Epoch: [33/50] | Training Loss:[0.45494773983955383] | Training Accuracy: [0.8647199999999999]
2018-10-05 18:55:49,112 - [INFO] - => Epoch: [34/50] | Training Loss:[0.4044838547706604] | Training Accuracy: [0.8736999999999999]
2018-10-05 18:55:56,082 - [INFO] - => Epoch: [34/50] | Testing Loss:[1.3297039270401] | Testing Accuracy: [0.6481999999999999]
2018-10-05 18:57:11,305 - [INFO] - => Epoch: [35/50] | Training Loss:[0.510037899017334] | Training Accuracy: [0.88004]
2018-10-05 18:58:33,666 - [INFO] - => Epoch: [36/50] | Training Loss:[0.3825763761997223] | Training Accuracy: [0.88046]
2018-10-05 18:58:40,782 - [INFO] - => Epoch: [36/50] | Testing Loss:[1.3726511001586914] | Testing Accuracy: [0.6528]
2018-10-05 18:59:55,949 - [INFO] - => Epoch: [37/50] | Training Loss:[0.4261672794818878] | Training Accuracy: [0.88594]
2018-10-05 19:00:03,426 - [INFO] - => Best parameters are updated
2018-10-05 19:01:18,523 - [INFO] - => Epoch: [38/50] | Training Loss:[0.3609049618244171] | Training Accuracy: [0.8888199999999999]
2018-10-05 19:01:25,734 - [INFO] - => Epoch: [38/50] | Testing Loss:[1.576693058013916] | Testing Accuracy: [0.6409999999999999]
2018-10-05 19:02:40,913 - [INFO] - => Epoch: [39/50] | Training Loss:[0.4049341082572937] | Training Accuracy: [0.8927200000000001]
2018-10-05 19:04:03,075 - [INFO] - => Epoch: [40/50] | Training Loss:[0.3678820729255676] | Training Accuracy: [0.8916000000000001]
2018-10-05 19:04:10,092 - [INFO] - => Epoch: [40/50] | Testing Loss:[1.48447585105896] | Testing Accuracy: [0.6491]
2018-10-05 19:05:25,303 - [INFO] - => Epoch: [41/50] | Training Loss:[0.3971269726753235] | Training Accuracy: [0.8979600000000001]
2018-10-05 19:06:47,696 - [INFO] - => Epoch: [42/50] | Training Loss:[0.3653419613838196] | Training Accuracy: [0.9029600000000002]
2018-10-05 19:06:54,902 - [INFO] - => Epoch: [42/50] | Testing Loss:[1.3690619468688965] | Testing Accuracy: [0.6395999999999998]
2018-10-05 19:08:10,098 - [INFO] - => Epoch: [43/50] | Training Loss:[0.3626648187637329] | Training Accuracy: [0.9033599999999999]
2018-10-05 19:09:32,318 - [INFO] - => Epoch: [44/50] | Training Loss:[0.33587783575057983] | Training Accuracy: [0.9051200000000001]
2018-10-05 19:09:39,526 - [INFO] - => Epoch: [44/50] | Testing Loss:[1.5433708429336548] | Testing Accuracy: [0.6497999999999999]
2018-10-05 19:10:54,710 - [INFO] - => Epoch: [45/50] | Training Loss:[0.25377246737480164] | Training Accuracy: [0.9077000000000001]
2018-10-05 19:12:17,097 - [INFO] - => Epoch: [46/50] | Training Loss:[0.333034873008728] | Training Accuracy: [0.9115400000000001]
2018-10-05 19:12:24,290 - [INFO] - => Epoch: [46/50] | Testing Loss:[1.3026373386383057] | Testing Accuracy: [0.6446000000000001]
2018-10-05 19:13:39,492 - [INFO] - => Epoch: [47/50] | Training Loss:[0.30075380206108093] | Training Accuracy: [0.9142800000000001]
2018-10-05 19:15:01,872 - [INFO] - => Epoch: [48/50] | Training Loss:[0.2824198007583618] | Training Accuracy: [0.9175399999999999]
2018-10-05 19:15:08,851 - [INFO] - => Epoch: [48/50] | Testing Loss:[1.137478232383728] | Testing Accuracy: [0.6436]
2018-10-05 19:16:24,017 - [INFO] - => Epoch: [49/50] | Training Loss:[0.36052873730659485] | Training Accuracy: [0.91734]
2018-10-05 19:17:46,417 - [INFO] - => Epoch: [50/50] | Training Loss:[0.2664807438850403] | Training Accuracy: [0.9181600000000003]
2018-10-05 19:17:53,402 - [INFO] - => Epoch: [50/50] | Testing Loss:[1.2844302654266357] | Testing Accuracy: [0.6448]
2018-10-05 19:17:53,529 - [INFO] - Trained on [50] epoch, with test accuracy [0.6448].
  => During the training stages, historical best test accuracy is  [0.6618]
