2018-10-05 22:05:34,010 - [INFO] - torch version: 0.3.0
2018-10-05 22:05:34,011 - [INFO] - Data Preparation...
2018-10-05 22:05:39,298 - [INFO] - Loading Data...
2018-10-05 22:05:39,298 - [INFO] - Model setting...
2018-10-05 22:05:41,102 - [INFO] - Resume from the checkpoint...
2018-10-05 22:05:41,103 - [INFO] - => no checkpoint found at './tf_checkpoint.pth.tar'
2018-10-05 22:05:41,103 - [INFO] - => Training based on the resnet-18 from scratch...
2018-10-05 22:05:41,103 - [INFO] - Model Training...
2018-10-05 22:14:06,773 - [INFO] - => Epoch: [1/30] | Training Loss:[1.6555067300796509] | Training Accuracy: [0.45396000000000003]
2018-10-05 22:14:52,561 - [INFO] - => Best parameters are updated
2018-10-05 22:23:18,275 - [INFO] - => Epoch: [2/30] | Training Loss:[1.0985631942749023] | Training Accuracy: [0.63412]
2018-10-05 22:24:00,918 - [INFO] - => Epoch: [2/30] | Testing Loss:[1.2507389783859253] | Testing Accuracy: [0.5905]
2018-10-05 22:24:01,436 - [INFO] - => Best parameters are updated
2018-10-05 22:32:23,823 - [INFO] - => Epoch: [3/30] | Training Loss:[0.8547025918960571] | Training Accuracy: [0.6952200000000001]
2018-10-05 22:33:06,877 - [INFO] - => Best parameters are updated
2018-10-05 22:41:31,053 - [INFO] - => Epoch: [4/30] | Training Loss:[0.8175657391548157] | Training Accuracy: [0.7298199999999999]
2018-10-05 22:42:13,646 - [INFO] - => Epoch: [4/30] | Testing Loss:[1.4175124168395996] | Testing Accuracy: [0.6254000000000001]
2018-10-05 22:42:14,149 - [INFO] - => Best parameters are updated
2018-10-05 22:50:41,597 - [INFO] - => Epoch: [5/30] | Training Loss:[0.7954866886138916] | Training Accuracy: [0.75752]
2018-10-05 22:51:25,901 - [INFO] - => Best parameters are updated
2018-10-05 22:59:51,816 - [INFO] - => Epoch: [6/30] | Training Loss:[0.9352169632911682] | Training Accuracy: [0.7698400000000001]
2018-10-05 23:00:34,434 - [INFO] - => Epoch: [6/30] | Testing Loss:[1.1475493907928467] | Testing Accuracy: [0.6557]
2018-10-05 23:09:02,586 - [INFO] - => Epoch: [7/30] | Training Loss:[1.0427197217941284] | Training Accuracy: [0.7843600000000001]
2018-10-05 23:18:08,401 - [INFO] - => Epoch: [8/30] | Training Loss:[0.8770634531974792] | Training Accuracy: [0.795]
2018-10-05 23:18:50,968 - [INFO] - => Epoch: [8/30] | Testing Loss:[1.046979546546936] | Testing Accuracy: [0.6552999999999999]
2018-10-05 23:27:19,654 - [INFO] - => Epoch: [9/30] | Training Loss:[0.7507113814353943] | Training Accuracy: [0.8043800000000001]
2018-10-05 23:28:02,417 - [INFO] - => Learning rate is updated!
2018-10-05 23:36:26,854 - [INFO] - => Epoch: [10/30] | Training Loss:[0.24965983629226685] | Training Accuracy: [0.9040199999999999]
2018-10-05 23:37:09,390 - [INFO] - => Epoch: [10/30] | Testing Loss:[0.8782387375831604] | Testing Accuracy: [0.7618]
2018-10-05 23:37:09,905 - [INFO] - => Best parameters are updated
2018-10-05 23:45:37,206 - [INFO] - => Epoch: [11/30] | Training Loss:[0.23527362942695618] | Training Accuracy: [0.94082]
2018-10-05 23:54:39,736 - [INFO] - => Epoch: [12/30] | Training Loss:[0.31548258662223816] | Training Accuracy: [0.9526399999999999]
2018-10-05 23:55:22,430 - [INFO] - => Epoch: [12/30] | Testing Loss:[0.9379260540008545] | Testing Accuracy: [0.7397]
2018-10-06 00:03:38,682 - [INFO] - => Epoch: [13/30] | Training Loss:[0.22076012194156647] | Training Accuracy: [0.9574000000000001]
