2018-10-29 13:08:18,103 - [INFO] - BOW:ta | embedding dimension:500 |optimizer:adam | learning rate:0.001 | epoch:6
2018-10-29 13:08:38,407 - [INFO] - Epoch:0 | Train Accuracy:77.72 | Epoch Loss:0.46620101666450503 | Time Elpased:17.96394371986389
2018-10-29 13:08:43,858 - [INFO] - Epoch:0 | Test Accuracy:84.764 | Epoch Loss:0.3574060671329498 | Time Elpased:5.450805187225342
2018-10-29 13:09:00,709 - [INFO] - Epoch:1 | Train Accuracy:87.1 | Epoch Loss:0.3060466387271881 | Time Elpased:16.85019874572754
2018-10-29 13:09:06,165 - [INFO] - Epoch:1 | Test Accuracy:85.72 | Epoch Loss:0.3348365787267685 | Time Elpased:5.455559253692627
2018-10-29 13:09:23,012 - [INFO] - Epoch:2 | Train Accuracy:90.412 | Epoch Loss:0.24034420263767242 | Time Elpased:16.84681248664856
2018-10-29 13:09:28,461 - [INFO] - Epoch:2 | Test Accuracy:87.35199999999999 | Epoch Loss:0.30559020447731017 | Time Elpased:5.448360204696655
2018-10-29 13:09:45,308 - [INFO] - Epoch:3 | Train Accuracy:92.22 | Epoch Loss:0.1994933248758316 | Time Elpased:16.846818447113037
2018-10-29 13:09:50,765 - [INFO] - Epoch:3 | Test Accuracy:87.224 | Epoch Loss:0.3160865075588226 | Time Elpased:5.456152677536011
2018-10-29 13:10:07,607 - [INFO] - Epoch:4 | Train Accuracy:93.756 | Epoch Loss:0.16507999259233475 | Time Elpased:16.841618299484253
2018-10-29 13:10:13,061 - [INFO] - Epoch:4 | Test Accuracy:86.78399999999999 | Epoch Loss:0.3402873775959015 | Time Elpased:5.453293323516846
2018-10-29 13:10:29,907 - [INFO] - Epoch:5 | Train Accuracy:94.352 | Epoch Loss:0.14612992161512375 | Time Elpased:16.845722675323486
2018-10-29 13:10:35,358 - [INFO] - Epoch:5 | Test Accuracy:86.732 | Epoch Loss:0.36253436398506167 | Time Elpased:5.450610160827637
2018-10-29 13:10:35,582 - [INFO] - BOW:under | embedding dimension:10 |optimizer:adam | learning rate:0.001 | epoch:6
2018-10-29 13:10:44,972 - [INFO] - Epoch:0 | Train Accuracy:55.836 | Epoch Loss:0.6835744090080261 | Time Elpased:9.388600826263428
2018-10-29 13:10:50,370 - [INFO] - Epoch:0 | Test Accuracy:61.416000000000004 | Epoch Loss:0.6614594197273255 | Time Elpased:5.397030353546143
2018-10-29 13:10:59,768 - [INFO] - Epoch:1 | Train Accuracy:61.388 | Epoch Loss:0.6543564143180847 | Time Elpased:9.397802829742432
2018-10-29 13:11:05,164 - [INFO] - Epoch:1 | Test Accuracy:66.792 | Epoch Loss:0.6254388608932495 | Time Elpased:5.395800590515137
2018-10-29 13:11:14,558 - [INFO] - Epoch:2 | Train Accuracy:67.232 | Epoch Loss:0.6109770865440368 | Time Elpased:9.39374303817749
2018-10-29 13:11:19,954 - [INFO] - Epoch:2 | Test Accuracy:71.71600000000001 | Epoch Loss:0.5689941506385803 | Time Elpased:5.395194053649902
2018-10-29 13:11:29,352 - [INFO] - Epoch:3 | Train Accuracy:72.724 | Epoch Loss:0.5550369701385498 | Time Elpased:9.397662162780762
2018-10-29 13:11:34,744 - [INFO] - Epoch:3 | Test Accuracy:75.956 | Epoch Loss:0.5105372714996338 | Time Elpased:5.390827178955078
2018-10-29 13:11:44,139 - [INFO] - Epoch:4 | Train Accuracy:77.03999999999999 | Epoch Loss:0.5005775785446167 | Time Elpased:9.395315170288086
2018-10-29 13:11:49,537 - [INFO] - Epoch:4 | Test Accuracy:79.07600000000001 | Epoch Loss:0.45913657784461975 | Time Elpased:5.397127866744995
2018-10-29 13:11:58,935 - [INFO] - Epoch:5 | Train Accuracy:79.828 | Epoch Loss:0.4561904425621033 | Time Elpased:9.393551588058472
2018-10-29 13:12:04,325 - [INFO] - Epoch:5 | Test Accuracy:80.93599999999999 | Epoch Loss:0.42376146793365477 | Time Elpased:5.38937520980835
2018-10-29 13:12:05,440 - [INFO] - BOW:over | embedding dimension:2000 |optimizer:adam | learning rate:0.001 | epoch:6
2018-10-29 13:12:54,879 - [INFO] - Epoch:0 | Train Accuracy:82.372 | Epoch Loss:0.3930172222852707 | Time Elpased:49.39299154281616
2018-10-29 13:13:01,284 - [INFO] - Epoch:0 | Test Accuracy:81.852 | Epoch Loss:0.40918969285488127 | Time Elpased:6.404673337936401
2018-10-29 13:13:50,643 - [INFO] - Epoch:1 | Train Accuracy:90.01599999999999 | Epoch Loss:0.2444618819952011 | Time Elpased:49.35817193984985
2018-10-29 13:13:57,056 - [INFO] - Epoch:1 | Test Accuracy:87.548 | Epoch Loss:0.3034571261405945 | Time Elpased:6.412251949310303
2018-10-29 13:14:46,414 - [INFO] - Epoch:2 | Train Accuracy:92.376 | Epoch Loss:0.18911023038625718 | Time Elpased:49.35792112350464
2018-10-29 13:14:52,822 - [INFO] - Epoch:2 | Test Accuracy:83.204 | Epoch Loss:0.42477257800102236 | Time Elpased:6.407503366470337
2018-10-29 13:15:42,182 - [INFO] - Epoch:3 | Train Accuracy:94.15599999999999 | Epoch Loss:0.15037442904710768 | Time Elpased:49.35953998565674
2018-10-29 13:15:48,599 - [INFO] - Epoch:3 | Test Accuracy:86.368 | Epoch Loss:0.3647825294137001 | Time Elpased:6.416055679321289
2018-10-29 13:16:37,963 - [INFO] - Epoch:4 | Train Accuracy:95.52000000000001 | Epoch Loss:0.11767259752750396 | Time Elpased:49.363688707351685
2018-10-29 13:16:44,378 - [INFO] - Epoch:4 | Test Accuracy:85.87599999999999 | Epoch Loss:0.4491665387749672 | Time Elpased:6.415288925170898
2018-10-29 13:17:33,741 - [INFO] - Epoch:5 | Train Accuracy:96.676 | Epoch Loss:0.09104591177403927 | Time Elpased:49.36259937286377
2018-10-29 13:17:40,144 - [INFO] - Epoch:5 | Test Accuracy:87.232 | Epoch Loss:0.45547105866670606 | Time Elpased:6.402148962020874
2018-10-29 13:17:40,810 - [INFO] - BOW:ta | embedding dimension:500 |optimizer:sgd | learning rate:0.001 | epoch:6
2018-10-29 13:17:57,565 - [INFO] - Epoch:0 | Train Accuracy:57.416 | Epoch Loss:0.6760759830474854 | Time Elpased:16.7465078830719
2018-10-29 13:18:02,988 - [INFO] - Epoch:0 | Test Accuracy:64.748 | Epoch Loss:0.6452689046859741 | Time Elpased:5.423087120056152
2018-10-29 13:18:19,733 - [INFO] - Epoch:1 | Train Accuracy:64.628 | Epoch Loss:0.6372277836799621 | Time Elpased:16.74396324157715
2018-10-29 13:18:25,157 - [INFO] - Epoch:1 | Test Accuracy:68.592 | Epoch Loss:0.6139332275390625 | Time Elpased:5.424407482147217
2018-10-29 13:18:41,904 - [INFO] - Epoch:2 | Train Accuracy:68.152 | Epoch Loss:0.6092909989356995 | Time Elpased:16.74588108062744
2018-10-29 13:18:47,329 - [INFO] - Epoch:2 | Test Accuracy:71.004 | Epoch Loss:0.5879673428535461 | Time Elpased:5.424847602844238
2018-10-29 13:19:04,075 - [INFO] - Epoch:3 | Train Accuracy:69.64 | Epoch Loss:0.5894790182113647 | Time Elpased:16.74503254890442
2018-10-29 13:19:09,499 - [INFO] - Epoch:3 | Test Accuracy:72.432 | Epoch Loss:0.5671429777145386 | Time Elpased:5.423779010772705
2018-10-29 13:19:26,248 - [INFO] - Epoch:4 | Train Accuracy:71.41999999999999 | Epoch Loss:0.5681588945388794 | Time Elpased:16.74825620651245
2018-10-29 13:19:31,672 - [INFO] - Epoch:4 | Test Accuracy:73.756 | Epoch Loss:0.5472532863616943 | Time Elpased:5.423580884933472
2018-10-29 13:19:48,423 - [INFO] - Epoch:5 | Train Accuracy:72.776 | Epoch Loss:0.5510512900352478 | Time Elpased:16.751128435134888
2018-10-29 13:19:53,852 - [INFO] - Epoch:5 | Test Accuracy:74.724 | Epoch Loss:0.5323770203590393 | Time Elpased:5.42851996421814
