2018-10-03 00:29:59,434 - [INFO] - torch version: 0.3.0
2018-10-03 00:29:59,434 - [INFO] - Data Preparation...
2018-10-03 00:30:02,565 - [INFO] - Loading Data...
2018-10-03 00:30:02,565 - [INFO] - Model setting...
2018-10-03 00:30:02,744 - [INFO] - Resume from the checkpoint...
2018-10-03 00:30:02,744 - [INFO] - => no checkpoint found at './myresnet_checkpoint.pth.tar'
2018-10-03 00:30:02,745 - [INFO] - => Training the resnet from scratch...
2018-10-03 00:30:05,923 - [INFO] - Model Training...
2018-10-03 00:31:28,560 - [INFO] - => Epoch: [1/50] | Training Loss:[3.7797281742095947] | Training Accuracy: [0.06792]
2018-10-03 00:31:36,629 - [INFO] - => Best parameters are updated
2018-10-03 00:32:52,764 - [INFO] - => Epoch: [2/50] | Training Loss:[3.4205634593963623] | Training Accuracy: [0.14853999999999998]
2018-10-03 00:33:00,221 - [INFO] - => Best parameters are updated
2018-10-03 00:34:16,302 - [INFO] - => Epoch: [3/50] | Training Loss:[3.2579774856567383] | Training Accuracy: [0.2096]
2018-10-03 00:34:23,729 - [INFO] - => Best parameters are updated
2018-10-03 00:35:39,831 - [INFO] - => Epoch: [4/50] | Training Loss:[2.6531894207000732] | Training Accuracy: [0.26674000000000003]
2018-10-03 00:35:47,249 - [INFO] - => Best parameters are updated
2018-10-03 00:37:03,412 - [INFO] - => Epoch: [5/50] | Training Loss:[2.533083915710449] | Training Accuracy: [0.31762]
2018-10-03 00:37:10,606 - [INFO] - => Epoch: [5/50] | Testing Loss:[2.596234083175659] | Testing Accuracy: [0.3273]
2018-10-03 00:37:10,904 - [INFO] - => Best parameters are updated
2018-10-03 00:38:27,009 - [INFO] - => Epoch: [6/50] | Training Loss:[2.4157776832580566] | Training Accuracy: [0.36474000000000006]
2018-10-03 00:38:34,405 - [INFO] - => Best parameters are updated
2018-10-03 00:39:50,495 - [INFO] - => Epoch: [7/50] | Training Loss:[2.3465094566345215] | Training Accuracy: [0.40457999999999994]
2018-10-03 00:41:13,947 - [INFO] - => Epoch: [8/50] | Training Loss:[2.090475559234619] | Training Accuracy: [0.43566000000000005]
2018-10-03 00:42:37,381 - [INFO] - => Epoch: [9/50] | Training Loss:[1.9482781887054443] | Training Accuracy: [0.4638399999999999]
2018-10-03 00:44:00,779 - [INFO] - => Epoch: [10/50] | Training Loss:[1.7818611860275269] | Training Accuracy: [0.4922000000000001]
2018-10-03 00:44:07,985 - [INFO] - => Epoch: [10/50] | Testing Loss:[2.1006667613983154] | Testing Accuracy: [0.4307]
2018-10-03 00:44:08,243 - [INFO] - => Best parameters are updated
2018-10-03 00:45:24,385 - [INFO] - => Epoch: [11/50] | Training Loss:[1.8056559562683105] | Training Accuracy: [0.5162599999999999]
2018-10-03 00:45:31,817 - [INFO] - => Best parameters are updated
2018-10-03 00:46:47,930 - [INFO] - => Epoch: [12/50] | Training Loss:[1.7422194480895996] | Training Accuracy: [0.53406]
2018-10-03 00:48:11,381 - [INFO] - => Epoch: [13/50] | Training Loss:[1.5569367408752441] | Training Accuracy: [0.55752]
2018-10-03 00:49:34,845 - [INFO] - => Epoch: [14/50] | Training Loss:[1.4454032182693481] | Training Accuracy: [0.56992]
2018-10-03 00:49:42,272 - [INFO] - => Best parameters are updated
2018-10-03 00:50:58,376 - [INFO] - => Epoch: [15/50] | Training Loss:[1.4986382722854614] | Training Accuracy: [0.5858599999999999]
2018-10-03 00:51:05,561 - [INFO] - => Epoch: [15/50] | Testing Loss:[1.906125783920288] | Testing Accuracy: [0.4696]
2018-10-03 00:52:21,767 - [INFO] - => Epoch: [16/50] | Training Loss:[1.4676223993301392] | Training Accuracy: [0.60382]
2018-10-03 00:52:29,155 - [INFO] - => Best parameters are updated
2018-10-03 00:53:45,291 - [INFO] - => Epoch: [17/50] | Training Loss:[1.4041352272033691] | Training Accuracy: [0.6194999999999999]
2018-10-03 00:55:08,697 - [INFO] - => Epoch: [18/50] | Training Loss:[1.288663625717163] | Training Accuracy: [0.63438]
2018-10-03 00:55:16,135 - [INFO] - => Best parameters are updated
2018-10-03 00:56:32,238 - [INFO] - => Epoch: [19/50] | Training Loss:[1.2838691473007202] | Training Accuracy: [0.64354]
2018-10-03 00:56:39,680 - [INFO] - => Best parameters are updated
2018-10-03 01:11:12,361 - [INFO] - torch version: 0.3.0
2018-10-03 01:11:12,371 - [INFO] - Data Preparation...
2018-10-03 01:11:15,548 - [INFO] - Loading Data...
2018-10-03 01:11:15,549 - [INFO] - Model setting...
2018-10-03 01:11:15,661 - [INFO] - Resume from the checkpoint...
2018-10-03 01:40:20,176 - [INFO] - torch version: 0.3.0
2018-10-03 01:40:20,194 - [INFO] - Data Preparation...
2018-10-03 01:40:23,331 - [INFO] - Loading Data...
2018-10-03 01:40:23,332 - [INFO] - Model setting...
2018-10-03 01:40:26,712 - [INFO] - Resume from the checkpoint...
2018-10-03 01:40:26,997 - [INFO] - => loaded checkpoint './myresnet_checkpoint.pth.tar' (epoch 19)
2018-10-03 01:40:26,997 - [INFO] - Model Training...
2018-10-03 01:40:26,999 - [INFO] - => Learning rate is updated!
2018-10-03 01:41:49,339 - [INFO] - => Epoch: [20/50] | Training Loss:[0.8623765707015991] | Training Accuracy: [0.7144799999999999]
2018-10-03 01:41:57,166 - [INFO] - => Epoch: [20/50] | Testing Loss:[1.5515791177749634] | Testing Accuracy: [0.5589000000000001]
2018-10-03 01:41:57,407 - [INFO] - => Best parameters are updated
2018-10-03 01:43:13,424 - [INFO] - => Epoch: [21/50] | Training Loss:[0.8274912238121033] | Training Accuracy: [0.7392400000000001]
2018-10-03 01:44:36,825 - [INFO] - => Epoch: [22/50] | Training Loss:[0.8611164093017578] | Training Accuracy: [0.7498200000000002]
2018-10-03 01:46:00,104 - [INFO] - => Epoch: [23/50] | Training Loss:[0.8724042177200317] | Training Accuracy: [0.7598800000000003]
2018-10-03 01:46:07,520 - [INFO] - => Best parameters are updated
2018-10-03 01:47:23,516 - [INFO] - => Epoch: [24/50] | Training Loss:[0.7936758399009705] | Training Accuracy: [0.7685400000000001]
2018-10-03 01:48:46,863 - [INFO] - => Epoch: [25/50] | Training Loss:[0.7527515292167664] | Training Accuracy: [0.77354]
2018-10-03 01:48:54,075 - [INFO] - => Epoch: [25/50] | Testing Loss:[1.4251067638397217] | Testing Accuracy: [0.5691999999999999]
2018-10-03 01:48:54,289 - [INFO] - => Best parameters are updated
2018-10-03 01:50:10,338 - [INFO] - => Epoch: [26/50] | Training Loss:[0.7774773240089417] | Training Accuracy: [0.7785600000000001]
2018-10-03 01:51:33,708 - [INFO] - => Epoch: [27/50] | Training Loss:[0.7223830819129944] | Training Accuracy: [0.78786]
2018-10-03 01:52:57,105 - [INFO] - => Epoch: [28/50] | Training Loss:[0.6892043352127075] | Training Accuracy: [0.7937800000000002]
2018-10-03 01:54:20,377 - [INFO] - => Epoch: [29/50] | Training Loss:[0.736912190914154] | Training Accuracy: [0.79742]
2018-10-03 01:55:43,682 - [INFO] - => Epoch: [30/50] | Training Loss:[0.676679790019989] | Training Accuracy: [0.80542]
2018-10-03 01:55:50,844 - [INFO] - => Epoch: [30/50] | Testing Loss:[1.4833259582519531] | Testing Accuracy: [0.5509000000000001]
2018-10-03 01:57:06,992 - [INFO] - => Epoch: [31/50] | Training Loss:[0.6485733985900879] | Training Accuracy: [0.8107400000000001]
2018-10-03 01:58:30,269 - [INFO] - => Epoch: [32/50] | Training Loss:[0.6008321046829224] | Training Accuracy: [0.8177599999999998]
2018-10-03 01:59:53,702 - [INFO] - => Epoch: [33/50] | Training Loss:[0.6704975962638855] | Training Accuracy: [0.82298]
2018-10-03 02:01:17,043 - [INFO] - => Epoch: [34/50] | Training Loss:[0.5634472370147705] | Training Accuracy: [0.8263999999999997]
2018-10-03 02:02:40,293 - [INFO] - => Epoch: [35/50] | Training Loss:[0.6587131023406982] | Training Accuracy: [0.83194]
2018-10-03 02:02:47,495 - [INFO] - => Epoch: [35/50] | Testing Loss:[1.5328882932662964] | Testing Accuracy: [0.5543]
2018-10-03 02:04:03,660 - [INFO] - => Epoch: [36/50] | Training Loss:[0.6026002764701843] | Training Accuracy: [0.8393200000000001]
2018-10-03 02:05:27,004 - [INFO] - => Epoch: [37/50] | Training Loss:[0.5791146159172058] | Training Accuracy: [0.8429999999999999]
2018-10-03 02:06:50,308 - [INFO] - => Epoch: [38/50] | Training Loss:[0.5398606657981873] | Training Accuracy: [0.8482600000000001]
2018-10-03 02:08:13,691 - [INFO] - => Epoch: [39/50] | Training Loss:[0.5275292992591858] | Training Accuracy: [0.8534599999999999]
2018-10-03 02:08:21,057 - [INFO] - => Learning rate is updated!
2018-10-03 02:09:37,089 - [INFO] - => Epoch: [40/50] | Training Loss:[0.38593578338623047] | Training Accuracy: [0.88464]
2018-10-03 02:09:44,259 - [INFO] - => Epoch: [40/50] | Testing Loss:[1.5387866497039795] | Testing Accuracy: [0.5586]
2018-10-03 02:11:00,392 - [INFO] - => Epoch: [41/50] | Training Loss:[0.3492398262023926] | Training Accuracy: [0.8925000000000002]
2018-10-03 02:12:23,707 - [INFO] - => Epoch: [42/50] | Training Loss:[0.3525826632976532] | Training Accuracy: [0.8959199999999999]
2018-10-03 02:13:47,064 - [INFO] - => Epoch: [43/50] | Training Loss:[0.40198951959609985] | Training Accuracy: [0.89968]
2018-10-03 02:15:10,356 - [INFO] - => Epoch: [44/50] | Training Loss:[0.3618125915527344] | Training Accuracy: [0.904]
2018-10-03 02:16:33,769 - [INFO] - => Epoch: [45/50] | Training Loss:[0.33236607909202576] | Training Accuracy: [0.90404]
2018-10-03 02:16:40,926 - [INFO] - => Epoch: [45/50] | Testing Loss:[1.4874122142791748] | Testing Accuracy: [0.5680999999999999]
2018-10-03 02:17:57,116 - [INFO] - => Epoch: [46/50] | Training Loss:[0.3866465985774994] | Training Accuracy: [0.9073600000000002]
2018-10-03 02:19:20,521 - [INFO] - => Epoch: [47/50] | Training Loss:[0.361106276512146] | Training Accuracy: [0.90994]
2018-10-03 02:20:44,320 - [INFO] - => Epoch: [48/50] | Training Loss:[0.31303808093070984] | Training Accuracy: [0.9117600000000001]
2018-10-03 02:22:07,703 - [INFO] - => Epoch: [49/50] | Training Loss:[0.31776654720306396] | Training Accuracy: [0.9114200000000001]
2018-10-03 02:23:31,015 - [INFO] - => Epoch: [50/50] | Training Loss:[0.33122050762176514] | Training Accuracy: [0.9158000000000002]
2018-10-03 02:23:38,214 - [INFO] - => Epoch: [50/50] | Testing Loss:[1.5509562492370605] | Testing Accuracy: [0.5631]
2018-10-03 02:23:38,341 - [INFO] - Trained on [50] epoch, with test accuracy [0.5631].
  => During the training stages, historical best test accuracy is  [0.5691999999999999]
