2018-10-01 12:00:59,787 - [INFO] - torch version: 0.4.1
2018-10-01 12:00:59,787 - [INFO] - Data Preparation...
2018-10-01 12:01:01,430 - [INFO] - Loading Data...
2018-10-01 12:01:01,431 - [INFO] - Model setting...
2018-10-01 12:01:01,474 - [INFO] - Resume from the checkpoint...
2018-10-01 12:01:01,474 - [INFO] - => no checkpoint found at './checkpoint.pth.tar'
2018-10-01 12:01:01,474 - [INFO] - Training the resnet from scratch...
2018-10-01 12:01:01,474 - [INFO] - Model Training...
2018-10-01 12:03:28,721 - [INFO] - Epoch: [1/10] | Training Loss:[4.783351421356201] | Training Accuracy: [0.015]
2018-10-01 12:03:31,239 - [INFO] - Best parameters are updated
2018-10-01 12:05:43,927 - [INFO] - Epoch: [2/10] | Training Loss:[4.4816575050354] | Training Accuracy: [0.031000000000000007]
2018-10-01 12:08:06,808 - [INFO] - Epoch: [3/10] | Training Loss:[4.368626594543457] | Training Accuracy: [0.0465]
2018-10-01 12:08:09,535 - [INFO] - Best parameters are updated
2018-10-01 12:10:14,925 - [INFO] - Epoch: [4/10] | Training Loss:[4.2046895027160645] | Training Accuracy: [0.05450000000000001]
2018-10-01 12:10:17,558 - [INFO] - Best parameters are updated
2018-10-01 12:10:57,618 - [INFO] - torch version: 0.4.1
2018-10-01 12:10:57,618 - [INFO] - Data Preparation...
2018-10-01 12:10:59,221 - [INFO] - Loading Data...
2018-10-01 12:10:59,222 - [INFO] - Model setting...
2018-10-01 12:10:59,268 - [INFO] - Resume from the checkpoint...
2018-10-01 12:10:59,352 - [INFO] - => loaded checkpoint './checkpoint.pth.tar' (epoch 4)
2018-10-01 12:10:59,352 - [INFO] - Model Training...
2018-10-01 12:12:36,299 - [INFO] - Epoch: [5/10] | Training Loss:[4.129146099090576] | Training Accuracy: [0.06650000000000002]
2018-10-01 12:12:39,263 - [INFO] - Epoch: [5/10] | Testing Loss:[4.314415454864502] | Testing Accuracy: [0.05]
2018-10-01 12:12:39,638 - [INFO] - Best parameters are updated
2018-10-01 12:14:19,033 - [INFO] - Epoch: [6/10] | Training Loss:[4.081517219543457] | Training Accuracy: [0.07450000000000002]
